0 info it worked if it ends with ok
1 verbose cli [ '/usr/local/bin/node',
1 verbose cli   '/usr/local/bin/npm',
1 verbose cli   'install',
1 verbose cli   '-g',
1 verbose cli   'create-react-app' ]
2 info using npm@3.10.8
3 info using node@v6.9.1
4 silly loadCurrentTree Starting
5 silly install loadCurrentTree
6 silly install readGlobalPackageData
7 silly fetchPackageMetaData create-react-app
8 silly fetchNamedPackageData create-react-app
9 silly mapToRegistry name create-react-app
10 silly mapToRegistry using default registry
11 silly mapToRegistry registry https://registry.npmjs.org/
12 silly mapToRegistry data Result {
12 silly mapToRegistry   raw: 'create-react-app',
12 silly mapToRegistry   scope: null,
12 silly mapToRegistry   escapedName: 'create-react-app',
12 silly mapToRegistry   name: 'create-react-app',
12 silly mapToRegistry   rawSpec: '',
12 silly mapToRegistry   spec: 'latest',
12 silly mapToRegistry   type: 'tag' }
13 silly mapToRegistry uri https://registry.npmjs.org/create-react-app
14 verbose request uri https://registry.npmjs.org/create-react-app
15 verbose request no auth needed
16 info attempt registry request try #1 at 10:29:44 PM
17 verbose request id 6d9f138e97127e58
18 verbose etag W/"58309c0c-37f9"
19 verbose lastModified Sat, 19 Nov 2016 18:38:04 GMT
20 http request GET https://registry.npmjs.org/create-react-app
21 http 304 https://registry.npmjs.org/create-react-app
22 verbose headers { date: 'Sun, 20 Nov 2016 06:29:44 GMT',
22 verbose headers   via: '1.1 varnish',
22 verbose headers   'cache-control': 'max-age=300',
22 verbose headers   etag: 'W/"58309c0c-37f9"',
22 verbose headers   age: '137',
22 verbose headers   connection: 'keep-alive',
22 verbose headers   'x-served-by': 'cache-sea1923-SEA',
22 verbose headers   'x-cache': 'HIT',
22 verbose headers   'x-cache-hits': '1',
22 verbose headers   'x-timer': 'S1479623384.947883,VS0,VE0',
22 verbose headers   vary: 'Accept-Encoding' }
23 silly get cb [ 304,
23 silly get   { date: 'Sun, 20 Nov 2016 06:29:44 GMT',
23 silly get     via: '1.1 varnish',
23 silly get     'cache-control': 'max-age=300',
23 silly get     etag: 'W/"58309c0c-37f9"',
23 silly get     age: '137',
23 silly get     connection: 'keep-alive',
23 silly get     'x-served-by': 'cache-sea1923-SEA',
23 silly get     'x-cache': 'HIT',
23 silly get     'x-cache-hits': '1',
23 silly get     'x-timer': 'S1479623384.947883,VS0,VE0',
23 silly get     vary: 'Accept-Encoding' } ]
24 verbose etag https://registry.npmjs.org/create-react-app from cache
25 verbose get saving create-react-app to /Users/iguest/.npm/registry.npmjs.org/create-react-app/.cache.json
26 verbose correctMkdir /Users/iguest/.npm correctMkdir not in flight; initializing
27 silly install normalizeTree
28 silly loadCurrentTree Finishing
29 silly loadIdealTree Starting
30 silly install loadIdealTree
31 silly cloneCurrentTree Starting
32 silly install cloneCurrentTreeToIdealTree
33 silly cloneCurrentTree Finishing
34 silly loadShrinkwrap Starting
35 silly install loadShrinkwrap
36 silly loadShrinkwrap Finishing
37 silly loadAllDepsIntoIdealTree Starting
38 silly install loadAllDepsIntoIdealTree
39 silly resolveWithNewModule create-react-app@0.6.0 checking installable status
40 silly cache add args [ 'create-react-app', null ]
41 verbose cache add spec create-react-app
42 silly cache add parsed spec Result {
42 silly cache add   raw: 'create-react-app',
42 silly cache add   scope: null,
42 silly cache add   escapedName: 'create-react-app',
42 silly cache add   name: 'create-react-app',
42 silly cache add   rawSpec: '',
42 silly cache add   spec: 'latest',
42 silly cache add   type: 'tag' }
43 silly addNamed create-react-app@latest
44 verbose addNamed "latest" is being treated as a dist-tag for create-react-app
45 info addNameTag [ 'create-react-app', 'latest' ]
46 silly mapToRegistry name create-react-app
47 silly mapToRegistry using default registry
48 silly mapToRegistry registry https://registry.npmjs.org/
49 silly mapToRegistry data Result {
49 silly mapToRegistry   raw: 'create-react-app',
49 silly mapToRegistry   scope: null,
49 silly mapToRegistry   escapedName: 'create-react-app',
49 silly mapToRegistry   name: 'create-react-app',
49 silly mapToRegistry   rawSpec: '',
49 silly mapToRegistry   spec: 'latest',
49 silly mapToRegistry   type: 'tag' }
50 silly mapToRegistry uri https://registry.npmjs.org/create-react-app
51 verbose addNameTag registry:https://registry.npmjs.org/create-react-app not in flight; fetching
52 verbose get https://registry.npmjs.org/create-react-app not expired, no request
53 silly addNameTag next cb for create-react-app with tag latest
54 silly addNamed create-react-app@0.6.0
55 verbose addNamed "0.6.0" is a plain semver version for create-react-app
56 silly cache afterAdd create-react-app@0.6.0
57 verbose afterAdd /Users/iguest/.npm/create-react-app/0.6.0/package/package.json not in flight; writing
58 verbose correctMkdir /Users/iguest/.npm correctMkdir not in flight; initializing
59 verbose afterAdd /Users/iguest/.npm/create-react-app/0.6.0/package/package.json written
60 silly fetchNamedPackageData chalk
61 silly mapToRegistry name chalk
62 silly mapToRegistry using default registry
63 silly mapToRegistry registry https://registry.npmjs.org/
64 silly mapToRegistry data Result {
64 silly mapToRegistry   raw: 'chalk',
64 silly mapToRegistry   scope: null,
64 silly mapToRegistry   escapedName: 'chalk',
64 silly mapToRegistry   name: 'chalk',
64 silly mapToRegistry   rawSpec: '',
64 silly mapToRegistry   spec: 'latest',
64 silly mapToRegistry   type: 'tag' }
65 silly mapToRegistry uri https://registry.npmjs.org/chalk
66 silly fetchNamedPackageData cross-spawn
67 silly mapToRegistry name cross-spawn
68 silly mapToRegistry using default registry
69 silly mapToRegistry registry https://registry.npmjs.org/
70 silly mapToRegistry data Result {
70 silly mapToRegistry   raw: 'cross-spawn',
70 silly mapToRegistry   scope: null,
70 silly mapToRegistry   escapedName: 'cross-spawn',
70 silly mapToRegistry   name: 'cross-spawn',
70 silly mapToRegistry   rawSpec: '',
70 silly mapToRegistry   spec: 'latest',
70 silly mapToRegistry   type: 'tag' }
71 silly mapToRegistry uri https://registry.npmjs.org/cross-spawn
72 silly fetchNamedPackageData minimist
73 silly mapToRegistry name minimist
74 silly mapToRegistry using default registry
75 silly mapToRegistry registry https://registry.npmjs.org/
76 silly mapToRegistry data Result {
76 silly mapToRegistry   raw: 'minimist',
76 silly mapToRegistry   scope: null,
76 silly mapToRegistry   escapedName: 'minimist',
76 silly mapToRegistry   name: 'minimist',
76 silly mapToRegistry   rawSpec: '',
76 silly mapToRegistry   spec: 'latest',
76 silly mapToRegistry   type: 'tag' }
77 silly mapToRegistry uri https://registry.npmjs.org/minimist
78 silly fetchNamedPackageData path-exists
79 silly mapToRegistry name path-exists
80 silly mapToRegistry using default registry
81 silly mapToRegistry registry https://registry.npmjs.org/
82 silly mapToRegistry data Result {
82 silly mapToRegistry   raw: 'path-exists',
82 silly mapToRegistry   scope: null,
82 silly mapToRegistry   escapedName: 'path-exists',
82 silly mapToRegistry   name: 'path-exists',
82 silly mapToRegistry   rawSpec: '',
82 silly mapToRegistry   spec: 'latest',
82 silly mapToRegistry   type: 'tag' }
83 silly mapToRegistry uri https://registry.npmjs.org/path-exists
84 silly fetchNamedPackageData semver
85 silly mapToRegistry name semver
86 silly mapToRegistry using default registry
87 silly mapToRegistry registry https://registry.npmjs.org/
88 silly mapToRegistry data Result {
88 silly mapToRegistry   raw: 'semver',
88 silly mapToRegistry   scope: null,
88 silly mapToRegistry   escapedName: 'semver',
88 silly mapToRegistry   name: 'semver',
88 silly mapToRegistry   rawSpec: '',
88 silly mapToRegistry   spec: 'latest',
88 silly mapToRegistry   type: 'tag' }
89 silly mapToRegistry uri https://registry.npmjs.org/semver
90 verbose request uri https://registry.npmjs.org/chalk
91 verbose request no auth needed
92 info attempt registry request try #1 at 10:29:45 PM
93 verbose etag W/"582f56f5-80e0"
94 verbose lastModified Fri, 18 Nov 2016 19:31:01 GMT
95 http request GET https://registry.npmjs.org/chalk
96 verbose request uri https://registry.npmjs.org/minimist
97 verbose request no auth needed
98 info attempt registry request try #1 at 10:29:45 PM
99 verbose etag W/"5830b9d6-71e4"
100 verbose lastModified Sat, 19 Nov 2016 20:45:10 GMT
101 http request GET https://registry.npmjs.org/minimist
102 verbose request uri https://registry.npmjs.org/path-exists
103 verbose request no auth needed
104 info attempt registry request try #1 at 10:29:45 PM
105 verbose etag W/"582eee39-1be1"
106 verbose lastModified Fri, 18 Nov 2016 12:04:09 GMT
107 http request GET https://registry.npmjs.org/path-exists
108 verbose request uri https://registry.npmjs.org/cross-spawn
109 verbose request no auth needed
110 info attempt registry request try #1 at 10:29:45 PM
111 verbose etag W/"581d1da9-ef08"
112 verbose lastModified Fri, 04 Nov 2016 23:45:45 GMT
113 http request GET https://registry.npmjs.org/cross-spawn
114 verbose request uri https://registry.npmjs.org/semver
115 verbose request no auth needed
116 info attempt registry request try #1 at 10:29:45 PM
117 verbose etag W/"5829227a-11a3e"
118 verbose lastModified Mon, 14 Nov 2016 02:33:30 GMT
119 http request GET https://registry.npmjs.org/semver
120 http 304 https://registry.npmjs.org/chalk
121 verbose headers { date: 'Sun, 20 Nov 2016 06:29:45 GMT',
121 verbose headers   via: '1.1 varnish',
121 verbose headers   'cache-control': 'max-age=300',
121 verbose headers   etag: 'W/"582f56f5-80e0"',
121 verbose headers   age: '19',
121 verbose headers   connection: 'keep-alive',
121 verbose headers   'x-served-by': 'cache-sea1923-SEA',
121 verbose headers   'x-cache': 'HIT',
121 verbose headers   'x-cache-hits': '1',
121 verbose headers   'x-timer': 'S1479623385.032514,VS0,VE0',
121 verbose headers   vary: 'Accept-Encoding' }
122 silly get cb [ 304,
122 silly get   { date: 'Sun, 20 Nov 2016 06:29:45 GMT',
122 silly get     via: '1.1 varnish',
122 silly get     'cache-control': 'max-age=300',
122 silly get     etag: 'W/"582f56f5-80e0"',
122 silly get     age: '19',
122 silly get     connection: 'keep-alive',
122 silly get     'x-served-by': 'cache-sea1923-SEA',
122 silly get     'x-cache': 'HIT',
122 silly get     'x-cache-hits': '1',
122 silly get     'x-timer': 'S1479623385.032514,VS0,VE0',
122 silly get     vary: 'Accept-Encoding' } ]
123 verbose etag https://registry.npmjs.org/chalk from cache
124 verbose get saving chalk to /Users/iguest/.npm/registry.npmjs.org/chalk/.cache.json
125 verbose correctMkdir /Users/iguest/.npm correctMkdir not in flight; initializing
126 http 304 https://registry.npmjs.org/semver
127 verbose headers { date: 'Sun, 20 Nov 2016 06:29:45 GMT',
127 verbose headers   via: '1.1 varnish',
127 verbose headers   'cache-control': 'max-age=300',
127 verbose headers   etag: 'W/"5829227a-11a3e"',
127 verbose headers   age: '172',
127 verbose headers   connection: 'keep-alive',
127 verbose headers   'x-served-by': 'cache-sea1923-SEA',
127 verbose headers   'x-cache': 'HIT',
127 verbose headers   'x-cache-hits': '9',
127 verbose headers   'x-timer': 'S1479623385.041478,VS0,VE0',
127 verbose headers   vary: 'Accept-Encoding' }
128 silly get cb [ 304,
128 silly get   { date: 'Sun, 20 Nov 2016 06:29:45 GMT',
128 silly get     via: '1.1 varnish',
128 silly get     'cache-control': 'max-age=300',
128 silly get     etag: 'W/"5829227a-11a3e"',
128 silly get     age: '172',
128 silly get     connection: 'keep-alive',
128 silly get     'x-served-by': 'cache-sea1923-SEA',
128 silly get     'x-cache': 'HIT',
128 silly get     'x-cache-hits': '9',
128 silly get     'x-timer': 'S1479623385.041478,VS0,VE0',
128 silly get     vary: 'Accept-Encoding' } ]
129 verbose etag https://registry.npmjs.org/semver from cache
130 verbose get saving semver to /Users/iguest/.npm/registry.npmjs.org/semver/.cache.json
131 verbose correctMkdir /Users/iguest/.npm correctMkdir not in flight; initializing
132 http 304 https://registry.npmjs.org/minimist
133 verbose headers { date: 'Sun, 20 Nov 2016 06:29:45 GMT',
133 verbose headers   via: '1.1 varnish',
133 verbose headers   'cache-control': 'max-age=300',
133 verbose headers   etag: 'W/"5830b9d6-71e4"',
133 verbose headers   age: '145',
133 verbose headers   connection: 'keep-alive',
133 verbose headers   'x-served-by': 'cache-sea1926-SEA',
133 verbose headers   'x-cache': 'HIT',
133 verbose headers   'x-cache-hits': '23',
133 verbose headers   'x-timer': 'S1479623385.041109,VS0,VE0',
133 verbose headers   vary: 'Accept-Encoding' }
134 silly get cb [ 304,
134 silly get   { date: 'Sun, 20 Nov 2016 06:29:45 GMT',
134 silly get     via: '1.1 varnish',
134 silly get     'cache-control': 'max-age=300',
134 silly get     etag: 'W/"5830b9d6-71e4"',
134 silly get     age: '145',
134 silly get     connection: 'keep-alive',
134 silly get     'x-served-by': 'cache-sea1926-SEA',
134 silly get     'x-cache': 'HIT',
134 silly get     'x-cache-hits': '23',
134 silly get     'x-timer': 'S1479623385.041109,VS0,VE0',
134 silly get     vary: 'Accept-Encoding' } ]
135 verbose etag https://registry.npmjs.org/minimist from cache
136 verbose get saving minimist to /Users/iguest/.npm/registry.npmjs.org/minimist/.cache.json
137 verbose correctMkdir /Users/iguest/.npm correctMkdir not in flight; initializing
138 http 304 https://registry.npmjs.org/path-exists
139 verbose headers { date: 'Sun, 20 Nov 2016 06:29:45 GMT',
139 verbose headers   via: '1.1 varnish',
139 verbose headers   'cache-control': 'max-age=300',
139 verbose headers   etag: 'W/"582eee39-1be1"',
139 verbose headers   age: '98',
139 verbose headers   connection: 'keep-alive',
139 verbose headers   'x-served-by': 'cache-sea1920-SEA',
139 verbose headers   'x-cache': 'HIT',
139 verbose headers   'x-cache-hits': '7',
139 verbose headers   'x-timer': 'S1479623385.042050,VS0,VE0',
139 verbose headers   vary: 'Accept-Encoding' }
140 silly get cb [ 304,
140 silly get   { date: 'Sun, 20 Nov 2016 06:29:45 GMT',
140 silly get     via: '1.1 varnish',
140 silly get     'cache-control': 'max-age=300',
140 silly get     etag: 'W/"582eee39-1be1"',
140 silly get     age: '98',
140 silly get     connection: 'keep-alive',
140 silly get     'x-served-by': 'cache-sea1920-SEA',
140 silly get     'x-cache': 'HIT',
140 silly get     'x-cache-hits': '7',
140 silly get     'x-timer': 'S1479623385.042050,VS0,VE0',
140 silly get     vary: 'Accept-Encoding' } ]
141 verbose etag https://registry.npmjs.org/path-exists from cache
142 verbose get saving path-exists to /Users/iguest/.npm/registry.npmjs.org/path-exists/.cache.json
143 verbose correctMkdir /Users/iguest/.npm correctMkdir not in flight; initializing
144 silly resolveWithNewModule chalk@1.1.3 checking installable status
145 silly cache add args [ 'chalk@^1.1.1', null ]
146 verbose cache add spec chalk@^1.1.1
147 silly cache add parsed spec Result {
147 silly cache add   raw: 'chalk@^1.1.1',
147 silly cache add   scope: null,
147 silly cache add   escapedName: 'chalk',
147 silly cache add   name: 'chalk',
147 silly cache add   rawSpec: '^1.1.1',
147 silly cache add   spec: '>=1.1.1 <2.0.0',
147 silly cache add   type: 'range' }
148 silly addNamed chalk@>=1.1.1 <2.0.0
149 verbose addNamed ">=1.1.1 <2.0.0" is a valid semver range for chalk
150 silly addNameRange { name: 'chalk', range: '>=1.1.1 <2.0.0', hasData: false }
151 silly mapToRegistry name chalk
152 silly mapToRegistry using default registry
153 silly mapToRegistry registry https://registry.npmjs.org/
154 silly mapToRegistry data Result {
154 silly mapToRegistry   raw: 'chalk',
154 silly mapToRegistry   scope: null,
154 silly mapToRegistry   escapedName: 'chalk',
154 silly mapToRegistry   name: 'chalk',
154 silly mapToRegistry   rawSpec: '',
154 silly mapToRegistry   spec: 'latest',
154 silly mapToRegistry   type: 'tag' }
155 silly mapToRegistry uri https://registry.npmjs.org/chalk
156 verbose addNameRange registry:https://registry.npmjs.org/chalk not in flight; fetching
157 http 304 https://registry.npmjs.org/cross-spawn
158 verbose headers { date: 'Sun, 20 Nov 2016 06:29:45 GMT',
158 verbose headers   via: '1.1 varnish',
158 verbose headers   'cache-control': 'max-age=300',
158 verbose headers   etag: 'W/"581d1da9-ef08"',
158 verbose headers   age: '80',
158 verbose headers   connection: 'keep-alive',
158 verbose headers   'x-served-by': 'cache-sea1920-SEA',
158 verbose headers   'x-cache': 'HIT',
158 verbose headers   'x-cache-hits': '36',
158 verbose headers   'x-timer': 'S1479623385.045011,VS0,VE0',
158 verbose headers   vary: 'Accept-Encoding' }
159 silly get cb [ 304,
159 silly get   { date: 'Sun, 20 Nov 2016 06:29:45 GMT',
159 silly get     via: '1.1 varnish',
159 silly get     'cache-control': 'max-age=300',
159 silly get     etag: 'W/"581d1da9-ef08"',
159 silly get     age: '80',
159 silly get     connection: 'keep-alive',
159 silly get     'x-served-by': 'cache-sea1920-SEA',
159 silly get     'x-cache': 'HIT',
159 silly get     'x-cache-hits': '36',
159 silly get     'x-timer': 'S1479623385.045011,VS0,VE0',
159 silly get     vary: 'Accept-Encoding' } ]
160 verbose etag https://registry.npmjs.org/cross-spawn from cache
161 verbose get saving cross-spawn to /Users/iguest/.npm/registry.npmjs.org/cross-spawn/.cache.json
162 verbose correctMkdir /Users/iguest/.npm correctMkdir not in flight; initializing
163 verbose get https://registry.npmjs.org/chalk not expired, no request
164 silly addNameRange number 2 { name: 'chalk', range: '>=1.1.1 <2.0.0', hasData: true }
165 silly addNameRange versions [ 'chalk',
165 silly addNameRange   [ '0.1.0',
165 silly addNameRange     '0.1.1',
165 silly addNameRange     '0.2.0',
165 silly addNameRange     '0.2.1',
165 silly addNameRange     '0.3.0',
165 silly addNameRange     '0.4.0',
165 silly addNameRange     '0.5.0',
165 silly addNameRange     '0.5.1',
165 silly addNameRange     '1.0.0',
165 silly addNameRange     '1.1.0',
165 silly addNameRange     '1.1.1',
165 silly addNameRange     '1.1.2',
165 silly addNameRange     '1.1.3' ] ]
166 silly addNamed chalk@1.1.3
167 verbose addNamed "1.1.3" is a plain semver version for chalk
168 silly cache afterAdd chalk@1.1.3
169 verbose afterAdd /Users/iguest/.npm/chalk/1.1.3/package/package.json not in flight; writing
170 verbose correctMkdir /Users/iguest/.npm correctMkdir not in flight; initializing
171 silly resolveWithNewModule minimist@1.2.0 checking installable status
172 silly cache add args [ 'minimist@^1.2.0', null ]
173 verbose cache add spec minimist@^1.2.0
174 silly cache add parsed spec Result {
174 silly cache add   raw: 'minimist@^1.2.0',
174 silly cache add   scope: null,
174 silly cache add   escapedName: 'minimist',
174 silly cache add   name: 'minimist',
174 silly cache add   rawSpec: '^1.2.0',
174 silly cache add   spec: '>=1.2.0 <2.0.0',
174 silly cache add   type: 'range' }
175 silly addNamed minimist@>=1.2.0 <2.0.0
176 verbose addNamed ">=1.2.0 <2.0.0" is a valid semver range for minimist
177 silly addNameRange { name: 'minimist', range: '>=1.2.0 <2.0.0', hasData: false }
178 silly mapToRegistry name minimist
179 silly mapToRegistry using default registry
180 silly mapToRegistry registry https://registry.npmjs.org/
181 silly mapToRegistry data Result {
181 silly mapToRegistry   raw: 'minimist',
181 silly mapToRegistry   scope: null,
181 silly mapToRegistry   escapedName: 'minimist',
181 silly mapToRegistry   name: 'minimist',
181 silly mapToRegistry   rawSpec: '',
181 silly mapToRegistry   spec: 'latest',
181 silly mapToRegistry   type: 'tag' }
182 silly mapToRegistry uri https://registry.npmjs.org/minimist
183 verbose addNameRange registry:https://registry.npmjs.org/minimist not in flight; fetching
184 silly resolveWithNewModule semver@5.3.0 checking installable status
185 silly cache add args [ 'semver@^5.0.3', null ]
186 verbose cache add spec semver@^5.0.3
187 silly cache add parsed spec Result {
187 silly cache add   raw: 'semver@^5.0.3',
187 silly cache add   scope: null,
187 silly cache add   escapedName: 'semver',
187 silly cache add   name: 'semver',
187 silly cache add   rawSpec: '^5.0.3',
187 silly cache add   spec: '>=5.0.3 <6.0.0',
187 silly cache add   type: 'range' }
188 silly addNamed semver@>=5.0.3 <6.0.0
189 verbose addNamed ">=5.0.3 <6.0.0" is a valid semver range for semver
190 silly addNameRange { name: 'semver', range: '>=5.0.3 <6.0.0', hasData: false }
191 silly mapToRegistry name semver
192 silly mapToRegistry using default registry
193 silly mapToRegistry registry https://registry.npmjs.org/
194 silly mapToRegistry data Result {
194 silly mapToRegistry   raw: 'semver',
194 silly mapToRegistry   scope: null,
194 silly mapToRegistry   escapedName: 'semver',
194 silly mapToRegistry   name: 'semver',
194 silly mapToRegistry   rawSpec: '',
194 silly mapToRegistry   spec: 'latest',
194 silly mapToRegistry   type: 'tag' }
195 silly mapToRegistry uri https://registry.npmjs.org/semver
196 verbose addNameRange registry:https://registry.npmjs.org/semver not in flight; fetching
197 silly resolveWithNewModule path-exists@2.1.0 checking installable status
198 silly cache add args [ 'path-exists@^2.1.0', null ]
199 verbose cache add spec path-exists@^2.1.0
200 silly cache add parsed spec Result {
200 silly cache add   raw: 'path-exists@^2.1.0',
200 silly cache add   scope: null,
200 silly cache add   escapedName: 'path-exists',
200 silly cache add   name: 'path-exists',
200 silly cache add   rawSpec: '^2.1.0',
200 silly cache add   spec: '>=2.1.0 <3.0.0',
200 silly cache add   type: 'range' }
201 silly addNamed path-exists@>=2.1.0 <3.0.0
202 verbose addNamed ">=2.1.0 <3.0.0" is a valid semver range for path-exists
203 silly addNameRange { name: 'path-exists', range: '>=2.1.0 <3.0.0', hasData: false }
204 silly mapToRegistry name path-exists
205 silly mapToRegistry using default registry
206 silly mapToRegistry registry https://registry.npmjs.org/
207 silly mapToRegistry data Result {
207 silly mapToRegistry   raw: 'path-exists',
207 silly mapToRegistry   scope: null,
207 silly mapToRegistry   escapedName: 'path-exists',
207 silly mapToRegistry   name: 'path-exists',
207 silly mapToRegistry   rawSpec: '',
207 silly mapToRegistry   spec: 'latest',
207 silly mapToRegistry   type: 'tag' }
208 silly mapToRegistry uri https://registry.npmjs.org/path-exists
209 verbose addNameRange registry:https://registry.npmjs.org/path-exists not in flight; fetching
210 silly resolveWithNewModule cross-spawn@4.0.2 checking installable status
211 silly cache add args [ 'cross-spawn@^4.0.0', null ]
212 verbose cache add spec cross-spawn@^4.0.0
213 silly cache add parsed spec Result {
213 silly cache add   raw: 'cross-spawn@^4.0.0',
213 silly cache add   scope: null,
213 silly cache add   escapedName: 'cross-spawn',
213 silly cache add   name: 'cross-spawn',
213 silly cache add   rawSpec: '^4.0.0',
213 silly cache add   spec: '>=4.0.0 <5.0.0',
213 silly cache add   type: 'range' }
214 silly addNamed cross-spawn@>=4.0.0 <5.0.0
215 verbose addNamed ">=4.0.0 <5.0.0" is a valid semver range for cross-spawn
216 silly addNameRange { name: 'cross-spawn', range: '>=4.0.0 <5.0.0', hasData: false }
217 silly mapToRegistry name cross-spawn
218 silly mapToRegistry using default registry
219 silly mapToRegistry registry https://registry.npmjs.org/
220 silly mapToRegistry data Result {
220 silly mapToRegistry   raw: 'cross-spawn',
220 silly mapToRegistry   scope: null,
220 silly mapToRegistry   escapedName: 'cross-spawn',
220 silly mapToRegistry   name: 'cross-spawn',
220 silly mapToRegistry   rawSpec: '',
220 silly mapToRegistry   spec: 'latest',
220 silly mapToRegistry   type: 'tag' }
221 silly mapToRegistry uri https://registry.npmjs.org/cross-spawn
222 verbose addNameRange registry:https://registry.npmjs.org/cross-spawn not in flight; fetching
223 verbose get https://registry.npmjs.org/minimist not expired, no request
224 silly addNameRange number 2 { name: 'minimist', range: '>=1.2.0 <2.0.0', hasData: true }
225 silly addNameRange versions [ 'minimist',
225 silly addNameRange   [ '0.0.0',
225 silly addNameRange     '0.0.1',
225 silly addNameRange     '0.0.2',
225 silly addNameRange     '0.0.3',
225 silly addNameRange     '0.0.4',
225 silly addNameRange     '0.0.5',
225 silly addNameRange     '0.0.6',
225 silly addNameRange     '0.0.7',
225 silly addNameRange     '0.0.8',
225 silly addNameRange     '0.0.9',
225 silly addNameRange     '0.0.10',
225 silly addNameRange     '0.1.0',
225 silly addNameRange     '0.2.0',
225 silly addNameRange     '1.0.0',
225 silly addNameRange     '1.1.0',
225 silly addNameRange     '1.1.1',
225 silly addNameRange     '1.1.2',
225 silly addNameRange     '1.1.3',
225 silly addNameRange     '1.2.0' ] ]
226 silly addNamed minimist@1.2.0
227 verbose addNamed "1.2.0" is a plain semver version for minimist
228 verbose get https://registry.npmjs.org/semver not expired, no request
229 silly addNameRange number 2 { name: 'semver', range: '>=5.0.3 <6.0.0', hasData: true }
230 silly addNameRange versions [ 'semver',
230 silly addNameRange   [ '1.0.0',
230 silly addNameRange     '1.0.1',
230 silly addNameRange     '1.0.2',
230 silly addNameRange     '1.0.3',
230 silly addNameRange     '1.0.4',
230 silly addNameRange     '1.0.5',
230 silly addNameRange     '1.0.6',
230 silly addNameRange     '1.0.7',
230 silly addNameRange     '1.0.8',
230 silly addNameRange     '1.0.9',
230 silly addNameRange     '1.0.10',
230 silly addNameRange     '1.0.11',
230 silly addNameRange     '1.0.12',
230 silly addNameRange     '1.0.13',
230 silly addNameRange     '1.0.14',
230 silly addNameRange     '1.1.0',
230 silly addNameRange     '1.1.1',
230 silly addNameRange     '1.1.2',
230 silly addNameRange     '1.1.3',
230 silly addNameRange     '1.1.4',
230 silly addNameRange     '2.0.0-alpha',
230 silly addNameRange     '2.0.0-beta',
230 silly addNameRange     '2.0.1',
230 silly addNameRange     '2.0.2',
230 silly addNameRange     '2.0.3',
230 silly addNameRange     '2.0.4',
230 silly addNameRange     '2.0.5',
230 silly addNameRange     '2.0.6',
230 silly addNameRange     '2.0.7',
230 silly addNameRange     '2.0.8',
230 silly addNameRange     '2.0.9',
230 silly addNameRange     '2.0.10',
230 silly addNameRange     '2.0.11',
230 silly addNameRange     '2.1.0',
230 silly addNameRange     '2.2.0',
230 silly addNameRange     '2.2.1',
230 silly addNameRange     '2.3.0',
230 silly addNameRange     '2.3.1',
230 silly addNameRange     '2.3.2',
230 silly addNameRange     '3.0.0',
230 silly addNameRange     '3.0.1',
230 silly addNameRange     '4.0.0',
230 silly addNameRange     '4.0.2',
230 silly addNameRange     '4.0.3',
230 silly addNameRange     '4.1.0',
230 silly addNameRange     '4.1.1',
230 silly addNameRange     '4.2.0',
230 silly addNameRange     '4.2.1',
230 silly addNameRange     '4.2.2',
230 silly addNameRange     '4.3.0',
230 silly addNameRange     '4.3.1',
230 silly addNameRange     '4.3.2',
230 silly addNameRange     '4.3.3',
230 silly addNameRange     '4.3.4',
230 silly addNameRange     '4.3.5',
230 silly addNameRange     '4.3.6',
230 silly addNameRange     '5.0.0',
230 silly addNameRange     '5.0.1',
230 silly addNameRange     '5.0.2',
230 silly addNameRange     '5.0.3',
230 silly addNameRange     '5.1.0',
230 silly addNameRange     '5.1.1',
230 silly addNameRange     '5.2.0',
230 silly addNameRange     '5.3.0' ] ]
231 silly addNamed semver@5.3.0
232 verbose addNamed "5.3.0" is a plain semver version for semver
233 verbose get https://registry.npmjs.org/path-exists not expired, no request
234 silly addNameRange number 2 { name: 'path-exists', range: '>=2.1.0 <3.0.0', hasData: true }
235 silly addNameRange versions [ 'path-exists', [ '1.0.0', '2.0.0', '2.1.0', '3.0.0' ] ]
236 silly addNamed path-exists@2.1.0
237 verbose addNamed "2.1.0" is a plain semver version for path-exists
238 verbose get https://registry.npmjs.org/cross-spawn not expired, no request
239 silly addNameRange number 2 { name: 'cross-spawn', range: '>=4.0.0 <5.0.0', hasData: true }
240 silly addNameRange versions [ 'cross-spawn',
240 silly addNameRange   [ '0.1.0',
240 silly addNameRange     '0.1.1',
240 silly addNameRange     '0.1.2',
240 silly addNameRange     '0.1.3',
240 silly addNameRange     '0.1.4',
240 silly addNameRange     '0.1.5',
240 silly addNameRange     '0.1.6',
240 silly addNameRange     '0.1.7',
240 silly addNameRange     '0.2.0',
240 silly addNameRange     '0.2.1',
240 silly addNameRange     '0.2.2',
240 silly addNameRange     '0.2.3',
240 silly addNameRange     '0.2.4',
240 silly addNameRange     '0.2.5',
240 silly addNameRange     '0.2.6',
240 silly addNameRange     '0.2.7',
240 silly addNameRange     '0.2.8',
240 silly addNameRange     '0.2.9',
240 silly addNameRange     '0.3.0',
240 silly addNameRange     '0.4.0',
240 silly addNameRange     '0.4.1',
240 silly addNameRange     '1.0.0',
240 silly addNameRange     '1.0.1',
240 silly addNameRange     '1.0.2',
240 silly addNameRange     '1.0.3',
240 silly addNameRange     '1.0.4',
240 silly addNameRange     '2.0.0',
240 silly addNameRange     '2.0.1',
240 silly addNameRange     '2.1.0',
240 silly addNameRange     '2.1.1',
240 silly addNameRange     '2.1.2',
240 silly addNameRange     '2.1.3',
240 silly addNameRange     '2.1.4',
240 silly addNameRange     '2.1.5',
240 silly addNameRange     '2.2.0',
240 silly addNameRange     '2.2.2',
240 silly addNameRange     '2.2.3',
240 silly addNameRange     '3.0.0',
240 silly addNameRange     '3.0.1',
240 silly addNameRange     '4.0.0',
240 silly addNameRange     '4.0.2',
240 silly addNameRange     '5.0.0',
240 silly addNameRange     '5.0.1' ] ]
241 silly addNamed cross-spawn@4.0.2
242 verbose addNamed "4.0.2" is a plain semver version for cross-spawn
243 verbose afterAdd /Users/iguest/.npm/chalk/1.1.3/package/package.json written
244 silly cache afterAdd minimist@1.2.0
245 verbose afterAdd /Users/iguest/.npm/minimist/1.2.0/package/package.json not in flight; writing
246 verbose correctMkdir /Users/iguest/.npm correctMkdir not in flight; initializing
247 silly cache afterAdd path-exists@2.1.0
248 verbose afterAdd /Users/iguest/.npm/path-exists/2.1.0/package/package.json not in flight; writing
249 verbose correctMkdir /Users/iguest/.npm correctMkdir not in flight; initializing
250 silly cache afterAdd semver@5.3.0
251 verbose afterAdd /Users/iguest/.npm/semver/5.3.0/package/package.json not in flight; writing
252 verbose correctMkdir /Users/iguest/.npm correctMkdir not in flight; initializing
253 silly cache afterAdd cross-spawn@4.0.2
254 verbose afterAdd /Users/iguest/.npm/cross-spawn/4.0.2/package/package.json not in flight; writing
255 verbose correctMkdir /Users/iguest/.npm correctMkdir not in flight; initializing
256 verbose afterAdd /Users/iguest/.npm/minimist/1.2.0/package/package.json written
257 verbose afterAdd /Users/iguest/.npm/path-exists/2.1.0/package/package.json written
258 verbose afterAdd /Users/iguest/.npm/semver/5.3.0/package/package.json written
259 verbose afterAdd /Users/iguest/.npm/cross-spawn/4.0.2/package/package.json written
260 silly fetchNamedPackageData ansi-styles
261 silly mapToRegistry name ansi-styles
262 silly mapToRegistry using default registry
263 silly mapToRegistry registry https://registry.npmjs.org/
264 silly mapToRegistry data Result {
264 silly mapToRegistry   raw: 'ansi-styles',
264 silly mapToRegistry   scope: null,
264 silly mapToRegistry   escapedName: 'ansi-styles',
264 silly mapToRegistry   name: 'ansi-styles',
264 silly mapToRegistry   rawSpec: '',
264 silly mapToRegistry   spec: 'latest',
264 silly mapToRegistry   type: 'tag' }
265 silly mapToRegistry uri https://registry.npmjs.org/ansi-styles
266 silly fetchNamedPackageData escape-string-regexp
267 silly mapToRegistry name escape-string-regexp
268 silly mapToRegistry using default registry
269 silly mapToRegistry registry https://registry.npmjs.org/
270 silly mapToRegistry data Result {
270 silly mapToRegistry   raw: 'escape-string-regexp',
270 silly mapToRegistry   scope: null,
270 silly mapToRegistry   escapedName: 'escape-string-regexp',
270 silly mapToRegistry   name: 'escape-string-regexp',
270 silly mapToRegistry   rawSpec: '',
270 silly mapToRegistry   spec: 'latest',
270 silly mapToRegistry   type: 'tag' }
271 silly mapToRegistry uri https://registry.npmjs.org/escape-string-regexp
272 silly fetchNamedPackageData has-ansi
273 silly mapToRegistry name has-ansi
274 silly mapToRegistry using default registry
275 silly mapToRegistry registry https://registry.npmjs.org/
276 silly mapToRegistry data Result {
276 silly mapToRegistry   raw: 'has-ansi',
276 silly mapToRegistry   scope: null,
276 silly mapToRegistry   escapedName: 'has-ansi',
276 silly mapToRegistry   name: 'has-ansi',
276 silly mapToRegistry   rawSpec: '',
276 silly mapToRegistry   spec: 'latest',
276 silly mapToRegistry   type: 'tag' }
277 silly mapToRegistry uri https://registry.npmjs.org/has-ansi
278 silly fetchNamedPackageData strip-ansi
279 silly mapToRegistry name strip-ansi
280 silly mapToRegistry using default registry
281 silly mapToRegistry registry https://registry.npmjs.org/
282 silly mapToRegistry data Result {
282 silly mapToRegistry   raw: 'strip-ansi',
282 silly mapToRegistry   scope: null,
282 silly mapToRegistry   escapedName: 'strip-ansi',
282 silly mapToRegistry   name: 'strip-ansi',
282 silly mapToRegistry   rawSpec: '',
282 silly mapToRegistry   spec: 'latest',
282 silly mapToRegistry   type: 'tag' }
283 silly mapToRegistry uri https://registry.npmjs.org/strip-ansi
284 silly fetchNamedPackageData supports-color
285 silly mapToRegistry name supports-color
286 silly mapToRegistry using default registry
287 silly mapToRegistry registry https://registry.npmjs.org/
288 silly mapToRegistry data Result {
288 silly mapToRegistry   raw: 'supports-color',
288 silly mapToRegistry   scope: null,
288 silly mapToRegistry   escapedName: 'supports-color',
288 silly mapToRegistry   name: 'supports-color',
288 silly mapToRegistry   rawSpec: '',
288 silly mapToRegistry   spec: 'latest',
288 silly mapToRegistry   type: 'tag' }
289 silly mapToRegistry uri https://registry.npmjs.org/supports-color
290 verbose request uri https://registry.npmjs.org/ansi-styles
291 verbose request no auth needed
292 info attempt registry request try #1 at 10:29:45 PM
293 verbose etag W/"57f04403-39d2"
294 verbose lastModified Sat, 01 Oct 2016 23:17:23 GMT
295 http request GET https://registry.npmjs.org/ansi-styles
296 verbose request uri https://registry.npmjs.org/escape-string-regexp
297 verbose request no auth needed
298 info attempt registry request try #1 at 10:29:45 PM
299 verbose etag W/"5818ceea-2411"
300 verbose lastModified Tue, 01 Nov 2016 17:20:42 GMT
301 http request GET https://registry.npmjs.org/escape-string-regexp
302 verbose request uri https://registry.npmjs.org/strip-ansi
303 verbose request no auth needed
304 info attempt registry request try #1 at 10:29:45 PM
305 verbose etag W/"5818e1d5-3e04"
306 verbose lastModified Tue, 01 Nov 2016 18:41:25 GMT
307 http request GET https://registry.npmjs.org/strip-ansi
308 verbose request uri https://registry.npmjs.org/has-ansi
309 verbose request no auth needed
310 info attempt registry request try #1 at 10:29:45 PM
311 verbose etag W/"5818d0b8-2711"
312 verbose lastModified Tue, 01 Nov 2016 17:28:24 GMT
313 http request GET https://registry.npmjs.org/has-ansi
314 verbose request uri https://registry.npmjs.org/supports-color
315 verbose request no auth needed
316 info attempt registry request try #1 at 10:29:45 PM
317 verbose etag W/"5818e1ee-4fa0"
318 verbose lastModified Tue, 01 Nov 2016 18:41:50 GMT
319 http request GET https://registry.npmjs.org/supports-color
320 http 304 https://registry.npmjs.org/escape-string-regexp
321 verbose headers { date: 'Sun, 20 Nov 2016 06:29:45 GMT',
321 verbose headers   via: '1.1 varnish',
321 verbose headers   'cache-control': 'max-age=300',
321 verbose headers   etag: 'W/"5818ceea-2411"',
321 verbose headers   age: '202',
321 verbose headers   connection: 'keep-alive',
321 verbose headers   'x-served-by': 'cache-sea1926-SEA',
321 verbose headers   'x-cache': 'HIT',
321 verbose headers   'x-cache-hits': '21',
321 verbose headers   'x-timer': 'S1479623385.120603,VS0,VE0',
321 verbose headers   vary: 'Accept-Encoding' }
322 silly get cb [ 304,
322 silly get   { date: 'Sun, 20 Nov 2016 06:29:45 GMT',
322 silly get     via: '1.1 varnish',
322 silly get     'cache-control': 'max-age=300',
322 silly get     etag: 'W/"5818ceea-2411"',
322 silly get     age: '202',
322 silly get     connection: 'keep-alive',
322 silly get     'x-served-by': 'cache-sea1926-SEA',
322 silly get     'x-cache': 'HIT',
322 silly get     'x-cache-hits': '21',
322 silly get     'x-timer': 'S1479623385.120603,VS0,VE0',
322 silly get     vary: 'Accept-Encoding' } ]
323 verbose etag https://registry.npmjs.org/escape-string-regexp from cache
324 verbose get saving escape-string-regexp to /Users/iguest/.npm/registry.npmjs.org/escape-string-regexp/.cache.json
325 verbose correctMkdir /Users/iguest/.npm correctMkdir not in flight; initializing
326 http 304 https://registry.npmjs.org/ansi-styles
327 verbose headers { date: 'Sun, 20 Nov 2016 06:29:45 GMT',
327 verbose headers   via: '1.1 varnish',
327 verbose headers   'cache-control': 'max-age=300',
327 verbose headers   etag: 'W/"57f04403-39d2"',
327 verbose headers   age: '155',
327 verbose headers   connection: 'keep-alive',
327 verbose headers   'x-served-by': 'cache-sea1923-SEA',
327 verbose headers   'x-cache': 'HIT',
327 verbose headers   'x-cache-hits': '20',
327 verbose headers   'x-timer': 'S1479623385.121917,VS0,VE0',
327 verbose headers   vary: 'Accept-Encoding' }
328 silly get cb [ 304,
328 silly get   { date: 'Sun, 20 Nov 2016 06:29:45 GMT',
328 silly get     via: '1.1 varnish',
328 silly get     'cache-control': 'max-age=300',
328 silly get     etag: 'W/"57f04403-39d2"',
328 silly get     age: '155',
328 silly get     connection: 'keep-alive',
328 silly get     'x-served-by': 'cache-sea1923-SEA',
328 silly get     'x-cache': 'HIT',
328 silly get     'x-cache-hits': '20',
328 silly get     'x-timer': 'S1479623385.121917,VS0,VE0',
328 silly get     vary: 'Accept-Encoding' } ]
329 verbose etag https://registry.npmjs.org/ansi-styles from cache
330 verbose get saving ansi-styles to /Users/iguest/.npm/registry.npmjs.org/ansi-styles/.cache.json
331 verbose correctMkdir /Users/iguest/.npm correctMkdir not in flight; initializing
332 http 304 https://registry.npmjs.org/has-ansi
333 verbose headers { date: 'Sun, 20 Nov 2016 06:29:45 GMT',
333 verbose headers   via: '1.1 varnish',
333 verbose headers   'cache-control': 'max-age=300',
333 verbose headers   etag: 'W/"5818d0b8-2711"',
333 verbose headers   age: '131',
333 verbose headers   connection: 'keep-alive',
333 verbose headers   'x-served-by': 'cache-sea1920-SEA',
333 verbose headers   'x-cache': 'HIT',
333 verbose headers   'x-cache-hits': '11',
333 verbose headers   'x-timer': 'S1479623385.125222,VS0,VE0',
333 verbose headers   vary: 'Accept-Encoding' }
334 silly get cb [ 304,
334 silly get   { date: 'Sun, 20 Nov 2016 06:29:45 GMT',
334 silly get     via: '1.1 varnish',
334 silly get     'cache-control': 'max-age=300',
334 silly get     etag: 'W/"5818d0b8-2711"',
334 silly get     age: '131',
334 silly get     connection: 'keep-alive',
334 silly get     'x-served-by': 'cache-sea1920-SEA',
334 silly get     'x-cache': 'HIT',
334 silly get     'x-cache-hits': '11',
334 silly get     'x-timer': 'S1479623385.125222,VS0,VE0',
334 silly get     vary: 'Accept-Encoding' } ]
335 verbose etag https://registry.npmjs.org/has-ansi from cache
336 verbose get saving has-ansi to /Users/iguest/.npm/registry.npmjs.org/has-ansi/.cache.json
337 verbose correctMkdir /Users/iguest/.npm correctMkdir not in flight; initializing
338 http 304 https://registry.npmjs.org/strip-ansi
339 verbose headers { date: 'Sun, 20 Nov 2016 06:29:45 GMT',
339 verbose headers   via: '1.1 varnish',
339 verbose headers   'cache-control': 'max-age=300',
339 verbose headers   etag: 'W/"5818e1d5-3e04"',
339 verbose headers   age: '236',
339 verbose headers   connection: 'keep-alive',
339 verbose headers   'x-served-by': 'cache-sea1920-SEA',
339 verbose headers   'x-cache': 'HIT',
339 verbose headers   'x-cache-hits': '28',
339 verbose headers   'x-timer': 'S1479623385.125084,VS0,VE0',
339 verbose headers   vary: 'Accept-Encoding' }
340 silly get cb [ 304,
340 silly get   { date: 'Sun, 20 Nov 2016 06:29:45 GMT',
340 silly get     via: '1.1 varnish',
340 silly get     'cache-control': 'max-age=300',
340 silly get     etag: 'W/"5818e1d5-3e04"',
340 silly get     age: '236',
340 silly get     connection: 'keep-alive',
340 silly get     'x-served-by': 'cache-sea1920-SEA',
340 silly get     'x-cache': 'HIT',
340 silly get     'x-cache-hits': '28',
340 silly get     'x-timer': 'S1479623385.125084,VS0,VE0',
340 silly get     vary: 'Accept-Encoding' } ]
341 verbose etag https://registry.npmjs.org/strip-ansi from cache
342 verbose get saving strip-ansi to /Users/iguest/.npm/registry.npmjs.org/strip-ansi/.cache.json
343 verbose correctMkdir /Users/iguest/.npm correctMkdir not in flight; initializing
344 silly resolveWithNewModule ansi-styles@2.2.1 checking installable status
345 silly cache add args [ 'ansi-styles@^2.2.1', null ]
346 verbose cache add spec ansi-styles@^2.2.1
347 silly cache add parsed spec Result {
347 silly cache add   raw: 'ansi-styles@^2.2.1',
347 silly cache add   scope: null,
347 silly cache add   escapedName: 'ansi-styles',
347 silly cache add   name: 'ansi-styles',
347 silly cache add   rawSpec: '^2.2.1',
347 silly cache add   spec: '>=2.2.1 <3.0.0',
347 silly cache add   type: 'range' }
348 silly addNamed ansi-styles@>=2.2.1 <3.0.0
349 verbose addNamed ">=2.2.1 <3.0.0" is a valid semver range for ansi-styles
350 silly addNameRange { name: 'ansi-styles', range: '>=2.2.1 <3.0.0', hasData: false }
351 silly mapToRegistry name ansi-styles
352 silly mapToRegistry using default registry
353 silly mapToRegistry registry https://registry.npmjs.org/
354 silly mapToRegistry data Result {
354 silly mapToRegistry   raw: 'ansi-styles',
354 silly mapToRegistry   scope: null,
354 silly mapToRegistry   escapedName: 'ansi-styles',
354 silly mapToRegistry   name: 'ansi-styles',
354 silly mapToRegistry   rawSpec: '',
354 silly mapToRegistry   spec: 'latest',
354 silly mapToRegistry   type: 'tag' }
355 silly mapToRegistry uri https://registry.npmjs.org/ansi-styles
356 verbose addNameRange registry:https://registry.npmjs.org/ansi-styles not in flight; fetching
357 silly resolveWithNewModule escape-string-regexp@1.0.5 checking installable status
358 silly cache add args [ 'escape-string-regexp@^1.0.2', null ]
359 verbose cache add spec escape-string-regexp@^1.0.2
360 silly cache add parsed spec Result {
360 silly cache add   raw: 'escape-string-regexp@^1.0.2',
360 silly cache add   scope: null,
360 silly cache add   escapedName: 'escape-string-regexp',
360 silly cache add   name: 'escape-string-regexp',
360 silly cache add   rawSpec: '^1.0.2',
360 silly cache add   spec: '>=1.0.2 <2.0.0',
360 silly cache add   type: 'range' }
361 silly addNamed escape-string-regexp@>=1.0.2 <2.0.0
362 verbose addNamed ">=1.0.2 <2.0.0" is a valid semver range for escape-string-regexp
363 silly addNameRange { name: 'escape-string-regexp',
363 silly addNameRange   range: '>=1.0.2 <2.0.0',
363 silly addNameRange   hasData: false }
364 silly mapToRegistry name escape-string-regexp
365 silly mapToRegistry using default registry
366 silly mapToRegistry registry https://registry.npmjs.org/
367 silly mapToRegistry data Result {
367 silly mapToRegistry   raw: 'escape-string-regexp',
367 silly mapToRegistry   scope: null,
367 silly mapToRegistry   escapedName: 'escape-string-regexp',
367 silly mapToRegistry   name: 'escape-string-regexp',
367 silly mapToRegistry   rawSpec: '',
367 silly mapToRegistry   spec: 'latest',
367 silly mapToRegistry   type: 'tag' }
368 silly mapToRegistry uri https://registry.npmjs.org/escape-string-regexp
369 verbose addNameRange registry:https://registry.npmjs.org/escape-string-regexp not in flight; fetching
370 http 304 https://registry.npmjs.org/supports-color
371 verbose headers { date: 'Sun, 20 Nov 2016 06:29:45 GMT',
371 verbose headers   via: '1.1 varnish',
371 verbose headers   'cache-control': 'max-age=300',
371 verbose headers   etag: 'W/"5818e1ee-4fa0"',
371 verbose headers   age: '202',
371 verbose headers   connection: 'keep-alive',
371 verbose headers   'x-served-by': 'cache-sea1924-SEA',
371 verbose headers   'x-cache': 'HIT',
371 verbose headers   'x-cache-hits': '20',
371 verbose headers   'x-timer': 'S1479623385.130441,VS0,VE0',
371 verbose headers   vary: 'Accept-Encoding' }
372 silly get cb [ 304,
372 silly get   { date: 'Sun, 20 Nov 2016 06:29:45 GMT',
372 silly get     via: '1.1 varnish',
372 silly get     'cache-control': 'max-age=300',
372 silly get     etag: 'W/"5818e1ee-4fa0"',
372 silly get     age: '202',
372 silly get     connection: 'keep-alive',
372 silly get     'x-served-by': 'cache-sea1924-SEA',
372 silly get     'x-cache': 'HIT',
372 silly get     'x-cache-hits': '20',
372 silly get     'x-timer': 'S1479623385.130441,VS0,VE0',
372 silly get     vary: 'Accept-Encoding' } ]
373 verbose etag https://registry.npmjs.org/supports-color from cache
374 verbose get saving supports-color to /Users/iguest/.npm/registry.npmjs.org/supports-color/.cache.json
375 verbose correctMkdir /Users/iguest/.npm correctMkdir not in flight; initializing
376 silly resolveWithNewModule has-ansi@2.0.0 checking installable status
377 silly cache add args [ 'has-ansi@^2.0.0', null ]
378 verbose cache add spec has-ansi@^2.0.0
379 silly cache add parsed spec Result {
379 silly cache add   raw: 'has-ansi@^2.0.0',
379 silly cache add   scope: null,
379 silly cache add   escapedName: 'has-ansi',
379 silly cache add   name: 'has-ansi',
379 silly cache add   rawSpec: '^2.0.0',
379 silly cache add   spec: '>=2.0.0 <3.0.0',
379 silly cache add   type: 'range' }
380 silly addNamed has-ansi@>=2.0.0 <3.0.0
381 verbose addNamed ">=2.0.0 <3.0.0" is a valid semver range for has-ansi
382 silly addNameRange { name: 'has-ansi', range: '>=2.0.0 <3.0.0', hasData: false }
383 silly mapToRegistry name has-ansi
384 silly mapToRegistry using default registry
385 silly mapToRegistry registry https://registry.npmjs.org/
386 silly mapToRegistry data Result {
386 silly mapToRegistry   raw: 'has-ansi',
386 silly mapToRegistry   scope: null,
386 silly mapToRegistry   escapedName: 'has-ansi',
386 silly mapToRegistry   name: 'has-ansi',
386 silly mapToRegistry   rawSpec: '',
386 silly mapToRegistry   spec: 'latest',
386 silly mapToRegistry   type: 'tag' }
387 silly mapToRegistry uri https://registry.npmjs.org/has-ansi
388 verbose addNameRange registry:https://registry.npmjs.org/has-ansi not in flight; fetching
389 silly resolveWithNewModule strip-ansi@3.0.1 checking installable status
390 silly cache add args [ 'strip-ansi@^3.0.0', null ]
391 verbose cache add spec strip-ansi@^3.0.0
392 silly cache add parsed spec Result {
392 silly cache add   raw: 'strip-ansi@^3.0.0',
392 silly cache add   scope: null,
392 silly cache add   escapedName: 'strip-ansi',
392 silly cache add   name: 'strip-ansi',
392 silly cache add   rawSpec: '^3.0.0',
392 silly cache add   spec: '>=3.0.0 <4.0.0',
392 silly cache add   type: 'range' }
393 silly addNamed strip-ansi@>=3.0.0 <4.0.0
394 verbose addNamed ">=3.0.0 <4.0.0" is a valid semver range for strip-ansi
395 silly addNameRange { name: 'strip-ansi', range: '>=3.0.0 <4.0.0', hasData: false }
396 silly mapToRegistry name strip-ansi
397 silly mapToRegistry using default registry
398 silly mapToRegistry registry https://registry.npmjs.org/
399 silly mapToRegistry data Result {
399 silly mapToRegistry   raw: 'strip-ansi',
399 silly mapToRegistry   scope: null,
399 silly mapToRegistry   escapedName: 'strip-ansi',
399 silly mapToRegistry   name: 'strip-ansi',
399 silly mapToRegistry   rawSpec: '',
399 silly mapToRegistry   spec: 'latest',
399 silly mapToRegistry   type: 'tag' }
400 silly mapToRegistry uri https://registry.npmjs.org/strip-ansi
401 verbose addNameRange registry:https://registry.npmjs.org/strip-ansi not in flight; fetching
402 verbose get https://registry.npmjs.org/ansi-styles not expired, no request
403 silly addNameRange number 2 { name: 'ansi-styles', range: '>=2.2.1 <3.0.0', hasData: true }
404 silly addNameRange versions [ 'ansi-styles',
404 silly addNameRange   [ '0.1.0',
404 silly addNameRange     '0.1.1',
404 silly addNameRange     '0.1.2',
404 silly addNameRange     '0.2.0',
404 silly addNameRange     '1.0.0',
404 silly addNameRange     '1.1.0',
404 silly addNameRange     '2.0.0',
404 silly addNameRange     '2.0.1',
404 silly addNameRange     '2.1.0',
404 silly addNameRange     '2.2.1' ] ]
405 silly addNamed ansi-styles@2.2.1
406 verbose addNamed "2.2.1" is a plain semver version for ansi-styles
407 verbose get https://registry.npmjs.org/escape-string-regexp not expired, no request
408 silly addNameRange number 2 { name: 'escape-string-regexp',
408 silly addNameRange   range: '>=1.0.2 <2.0.0',
408 silly addNameRange   hasData: true }
409 silly addNameRange versions [ 'escape-string-regexp',
409 silly addNameRange   [ '1.0.0', '1.0.1', '1.0.2', '1.0.3', '1.0.4', '1.0.5' ] ]
410 silly addNamed escape-string-regexp@1.0.5
411 verbose addNamed "1.0.5" is a plain semver version for escape-string-regexp
412 verbose get https://registry.npmjs.org/has-ansi not expired, no request
413 silly addNameRange number 2 { name: 'has-ansi', range: '>=2.0.0 <3.0.0', hasData: true }
414 silly addNameRange versions [ 'has-ansi',
414 silly addNameRange   [ '0.1.0', '1.0.0', '1.0.1', '1.0.2', '1.0.3', '2.0.0' ] ]
415 silly addNamed has-ansi@2.0.0
416 verbose addNamed "2.0.0" is a plain semver version for has-ansi
417 verbose get https://registry.npmjs.org/strip-ansi not expired, no request
418 silly addNameRange number 2 { name: 'strip-ansi', range: '>=3.0.0 <4.0.0', hasData: true }
419 silly addNameRange versions [ 'strip-ansi',
419 silly addNameRange   [ '0.1.0',
419 silly addNameRange     '0.1.1',
419 silly addNameRange     '0.2.0',
419 silly addNameRange     '0.2.1',
419 silly addNameRange     '0.2.2',
419 silly addNameRange     '0.3.0',
419 silly addNameRange     '1.0.0',
419 silly addNameRange     '2.0.0',
419 silly addNameRange     '2.0.1',
419 silly addNameRange     '3.0.0',
419 silly addNameRange     '3.0.1' ] ]
420 silly addNamed strip-ansi@3.0.1
421 verbose addNamed "3.0.1" is a plain semver version for strip-ansi
422 silly cache afterAdd ansi-styles@2.2.1
423 verbose afterAdd /Users/iguest/.npm/ansi-styles/2.2.1/package/package.json not in flight; writing
424 verbose correctMkdir /Users/iguest/.npm correctMkdir not in flight; initializing
425 silly cache afterAdd escape-string-regexp@1.0.5
426 verbose afterAdd /Users/iguest/.npm/escape-string-regexp/1.0.5/package/package.json not in flight; writing
427 verbose correctMkdir /Users/iguest/.npm correctMkdir not in flight; initializing
428 silly cache afterAdd has-ansi@2.0.0
429 verbose afterAdd /Users/iguest/.npm/has-ansi/2.0.0/package/package.json not in flight; writing
430 verbose correctMkdir /Users/iguest/.npm correctMkdir not in flight; initializing
431 silly cache afterAdd strip-ansi@3.0.1
432 verbose afterAdd /Users/iguest/.npm/strip-ansi/3.0.1/package/package.json not in flight; writing
433 verbose correctMkdir /Users/iguest/.npm correctMkdir not in flight; initializing
434 silly resolveWithNewModule supports-color@2.0.0 checking installable status
435 silly cache add args [ 'supports-color@^2.0.0', null ]
436 verbose cache add spec supports-color@^2.0.0
437 silly cache add parsed spec Result {
437 silly cache add   raw: 'supports-color@^2.0.0',
437 silly cache add   scope: null,
437 silly cache add   escapedName: 'supports-color',
437 silly cache add   name: 'supports-color',
437 silly cache add   rawSpec: '^2.0.0',
437 silly cache add   spec: '>=2.0.0 <3.0.0',
437 silly cache add   type: 'range' }
438 silly addNamed supports-color@>=2.0.0 <3.0.0
439 verbose addNamed ">=2.0.0 <3.0.0" is a valid semver range for supports-color
440 silly addNameRange { name: 'supports-color',
440 silly addNameRange   range: '>=2.0.0 <3.0.0',
440 silly addNameRange   hasData: false }
441 silly mapToRegistry name supports-color
442 silly mapToRegistry using default registry
443 silly mapToRegistry registry https://registry.npmjs.org/
444 silly mapToRegistry data Result {
444 silly mapToRegistry   raw: 'supports-color',
444 silly mapToRegistry   scope: null,
444 silly mapToRegistry   escapedName: 'supports-color',
444 silly mapToRegistry   name: 'supports-color',
444 silly mapToRegistry   rawSpec: '',
444 silly mapToRegistry   spec: 'latest',
444 silly mapToRegistry   type: 'tag' }
445 silly mapToRegistry uri https://registry.npmjs.org/supports-color
446 verbose addNameRange registry:https://registry.npmjs.org/supports-color not in flight; fetching
447 verbose get https://registry.npmjs.org/supports-color not expired, no request
448 silly addNameRange number 2 { name: 'supports-color',
448 silly addNameRange   range: '>=2.0.0 <3.0.0',
448 silly addNameRange   hasData: true }
449 silly addNameRange versions [ 'supports-color',
449 silly addNameRange   [ '0.2.0',
449 silly addNameRange     '1.0.0',
449 silly addNameRange     '1.1.0',
449 silly addNameRange     '1.2.0',
449 silly addNameRange     '1.2.1',
449 silly addNameRange     '1.3.0',
449 silly addNameRange     '1.3.1',
449 silly addNameRange     '2.0.0',
449 silly addNameRange     '3.0.0',
449 silly addNameRange     '3.0.1',
449 silly addNameRange     '3.1.0',
449 silly addNameRange     '3.1.1',
449 silly addNameRange     '3.1.2' ] ]
450 silly addNamed supports-color@2.0.0
451 verbose addNamed "2.0.0" is a plain semver version for supports-color
452 verbose afterAdd /Users/iguest/.npm/ansi-styles/2.2.1/package/package.json written
453 verbose afterAdd /Users/iguest/.npm/escape-string-regexp/1.0.5/package/package.json written
454 verbose afterAdd /Users/iguest/.npm/has-ansi/2.0.0/package/package.json written
455 verbose afterAdd /Users/iguest/.npm/strip-ansi/3.0.1/package/package.json written
456 silly cache afterAdd supports-color@2.0.0
457 verbose afterAdd /Users/iguest/.npm/supports-color/2.0.0/package/package.json not in flight; writing
458 verbose correctMkdir /Users/iguest/.npm correctMkdir not in flight; initializing
459 verbose afterAdd /Users/iguest/.npm/supports-color/2.0.0/package/package.json written
460 silly fetchNamedPackageData ansi-regex
461 silly mapToRegistry name ansi-regex
462 silly mapToRegistry using default registry
463 silly mapToRegistry registry https://registry.npmjs.org/
464 silly mapToRegistry data Result {
464 silly mapToRegistry   raw: 'ansi-regex',
464 silly mapToRegistry   scope: null,
464 silly mapToRegistry   escapedName: 'ansi-regex',
464 silly mapToRegistry   name: 'ansi-regex',
464 silly mapToRegistry   rawSpec: '',
464 silly mapToRegistry   spec: 'latest',
464 silly mapToRegistry   type: 'tag' }
465 silly mapToRegistry uri https://registry.npmjs.org/ansi-regex
466 verbose request uri https://registry.npmjs.org/ansi-regex
467 verbose request no auth needed
468 info attempt registry request try #1 at 10:29:45 PM
469 verbose etag W/"580745c4-2987"
470 verbose lastModified Wed, 19 Oct 2016 10:07:00 GMT
471 http request GET https://registry.npmjs.org/ansi-regex
472 http 304 https://registry.npmjs.org/ansi-regex
473 verbose headers { date: 'Sun, 20 Nov 2016 06:29:45 GMT',
473 verbose headers   via: '1.1 varnish',
473 verbose headers   'cache-control': 'max-age=300',
473 verbose headers   etag: 'W/"580745c4-2987"',
473 verbose headers   age: '172',
473 verbose headers   connection: 'keep-alive',
473 verbose headers   'x-served-by': 'cache-sea1926-SEA',
473 verbose headers   'x-cache': 'HIT',
473 verbose headers   'x-cache-hits': '18',
473 verbose headers   'x-timer': 'S1479623385.174111,VS0,VE0',
473 verbose headers   vary: 'Accept-Encoding' }
474 silly get cb [ 304,
474 silly get   { date: 'Sun, 20 Nov 2016 06:29:45 GMT',
474 silly get     via: '1.1 varnish',
474 silly get     'cache-control': 'max-age=300',
474 silly get     etag: 'W/"580745c4-2987"',
474 silly get     age: '172',
474 silly get     connection: 'keep-alive',
474 silly get     'x-served-by': 'cache-sea1926-SEA',
474 silly get     'x-cache': 'HIT',
474 silly get     'x-cache-hits': '18',
474 silly get     'x-timer': 'S1479623385.174111,VS0,VE0',
474 silly get     vary: 'Accept-Encoding' } ]
475 verbose etag https://registry.npmjs.org/ansi-regex from cache
476 verbose get saving ansi-regex to /Users/iguest/.npm/registry.npmjs.org/ansi-regex/.cache.json
477 verbose correctMkdir /Users/iguest/.npm correctMkdir not in flight; initializing
478 silly resolveWithNewModule ansi-regex@2.0.0 checking installable status
479 silly cache add args [ 'ansi-regex@^2.0.0', null ]
480 verbose cache add spec ansi-regex@^2.0.0
481 silly cache add parsed spec Result {
481 silly cache add   raw: 'ansi-regex@^2.0.0',
481 silly cache add   scope: null,
481 silly cache add   escapedName: 'ansi-regex',
481 silly cache add   name: 'ansi-regex',
481 silly cache add   rawSpec: '^2.0.0',
481 silly cache add   spec: '>=2.0.0 <3.0.0',
481 silly cache add   type: 'range' }
482 silly addNamed ansi-regex@>=2.0.0 <3.0.0
483 verbose addNamed ">=2.0.0 <3.0.0" is a valid semver range for ansi-regex
484 silly addNameRange { name: 'ansi-regex', range: '>=2.0.0 <3.0.0', hasData: false }
485 silly mapToRegistry name ansi-regex
486 silly mapToRegistry using default registry
487 silly mapToRegistry registry https://registry.npmjs.org/
488 silly mapToRegistry data Result {
488 silly mapToRegistry   raw: 'ansi-regex',
488 silly mapToRegistry   scope: null,
488 silly mapToRegistry   escapedName: 'ansi-regex',
488 silly mapToRegistry   name: 'ansi-regex',
488 silly mapToRegistry   rawSpec: '',
488 silly mapToRegistry   spec: 'latest',
488 silly mapToRegistry   type: 'tag' }
489 silly mapToRegistry uri https://registry.npmjs.org/ansi-regex
490 verbose addNameRange registry:https://registry.npmjs.org/ansi-regex not in flight; fetching
491 verbose get https://registry.npmjs.org/ansi-regex not expired, no request
492 silly addNameRange number 2 { name: 'ansi-regex', range: '>=2.0.0 <3.0.0', hasData: true }
493 silly addNameRange versions [ 'ansi-regex',
493 silly addNameRange   [ '0.1.0', '0.2.0', '0.2.1', '1.0.0', '1.1.0', '1.1.1', '2.0.0' ] ]
494 silly addNamed ansi-regex@2.0.0
495 verbose addNamed "2.0.0" is a plain semver version for ansi-regex
496 silly cache afterAdd ansi-regex@2.0.0
497 verbose afterAdd /Users/iguest/.npm/ansi-regex/2.0.0/package/package.json not in flight; writing
498 verbose correctMkdir /Users/iguest/.npm correctMkdir not in flight; initializing
499 verbose afterAdd /Users/iguest/.npm/ansi-regex/2.0.0/package/package.json written
500 silly fetchNamedPackageData lru-cache
501 silly mapToRegistry name lru-cache
502 silly mapToRegistry using default registry
503 silly mapToRegistry registry https://registry.npmjs.org/
504 silly mapToRegistry data Result {
504 silly mapToRegistry   raw: 'lru-cache',
504 silly mapToRegistry   scope: null,
504 silly mapToRegistry   escapedName: 'lru-cache',
504 silly mapToRegistry   name: 'lru-cache',
504 silly mapToRegistry   rawSpec: '',
504 silly mapToRegistry   spec: 'latest',
504 silly mapToRegistry   type: 'tag' }
505 silly mapToRegistry uri https://registry.npmjs.org/lru-cache
506 silly fetchNamedPackageData which
507 silly mapToRegistry name which
508 silly mapToRegistry using default registry
509 silly mapToRegistry registry https://registry.npmjs.org/
510 silly mapToRegistry data Result {
510 silly mapToRegistry   raw: 'which',
510 silly mapToRegistry   scope: null,
510 silly mapToRegistry   escapedName: 'which',
510 silly mapToRegistry   name: 'which',
510 silly mapToRegistry   rawSpec: '',
510 silly mapToRegistry   spec: 'latest',
510 silly mapToRegistry   type: 'tag' }
511 silly mapToRegistry uri https://registry.npmjs.org/which
512 verbose request uri https://registry.npmjs.org/which
513 verbose request no auth needed
514 info attempt registry request try #1 at 10:29:45 PM
515 verbose etag W/"5826444c-6e9f"
516 verbose lastModified Fri, 11 Nov 2016 22:21:00 GMT
517 http request GET https://registry.npmjs.org/which
518 verbose request uri https://registry.npmjs.org/lru-cache
519 verbose request no auth needed
520 info attempt registry request try #1 at 10:29:45 PM
521 verbose etag W/"582ea7bc-c2f2"
522 verbose lastModified Fri, 18 Nov 2016 07:03:24 GMT
523 http request GET https://registry.npmjs.org/lru-cache
524 http 304 https://registry.npmjs.org/which
525 verbose headers { date: 'Sun, 20 Nov 2016 06:29:45 GMT',
525 verbose headers   via: '1.1 varnish',
525 verbose headers   'cache-control': 'max-age=300',
525 verbose headers   etag: 'W/"5826444c-6e9f"',
525 verbose headers   age: '75',
525 verbose headers   connection: 'keep-alive',
525 verbose headers   'x-served-by': 'cache-sea1923-SEA',
525 verbose headers   'x-cache': 'HIT',
525 verbose headers   'x-cache-hits': '9',
525 verbose headers   'x-timer': 'S1479623385.188434,VS0,VE0',
525 verbose headers   vary: 'Accept-Encoding' }
526 silly get cb [ 304,
526 silly get   { date: 'Sun, 20 Nov 2016 06:29:45 GMT',
526 silly get     via: '1.1 varnish',
526 silly get     'cache-control': 'max-age=300',
526 silly get     etag: 'W/"5826444c-6e9f"',
526 silly get     age: '75',
526 silly get     connection: 'keep-alive',
526 silly get     'x-served-by': 'cache-sea1923-SEA',
526 silly get     'x-cache': 'HIT',
526 silly get     'x-cache-hits': '9',
526 silly get     'x-timer': 'S1479623385.188434,VS0,VE0',
526 silly get     vary: 'Accept-Encoding' } ]
527 verbose etag https://registry.npmjs.org/which from cache
528 verbose get saving which to /Users/iguest/.npm/registry.npmjs.org/which/.cache.json
529 verbose correctMkdir /Users/iguest/.npm correctMkdir not in flight; initializing
530 http 304 https://registry.npmjs.org/lru-cache
531 verbose headers { date: 'Sun, 20 Nov 2016 06:29:45 GMT',
531 verbose headers   via: '1.1 varnish',
531 verbose headers   'cache-control': 'max-age=300',
531 verbose headers   etag: 'W/"582ea7bc-c2f2"',
531 verbose headers   age: '231',
531 verbose headers   connection: 'keep-alive',
531 verbose headers   'x-served-by': 'cache-sea1920-SEA',
531 verbose headers   'x-cache': 'HIT',
531 verbose headers   'x-cache-hits': '155',
531 verbose headers   'x-timer': 'S1479623385.188486,VS0,VE0',
531 verbose headers   vary: 'Accept-Encoding' }
532 silly get cb [ 304,
532 silly get   { date: 'Sun, 20 Nov 2016 06:29:45 GMT',
532 silly get     via: '1.1 varnish',
532 silly get     'cache-control': 'max-age=300',
532 silly get     etag: 'W/"582ea7bc-c2f2"',
532 silly get     age: '231',
532 silly get     connection: 'keep-alive',
532 silly get     'x-served-by': 'cache-sea1920-SEA',
532 silly get     'x-cache': 'HIT',
532 silly get     'x-cache-hits': '155',
532 silly get     'x-timer': 'S1479623385.188486,VS0,VE0',
532 silly get     vary: 'Accept-Encoding' } ]
533 verbose etag https://registry.npmjs.org/lru-cache from cache
534 verbose get saving lru-cache to /Users/iguest/.npm/registry.npmjs.org/lru-cache/.cache.json
535 verbose correctMkdir /Users/iguest/.npm correctMkdir not in flight; initializing
536 silly resolveWithNewModule which@1.2.12 checking installable status
537 silly cache add args [ 'which@^1.2.9', null ]
538 verbose cache add spec which@^1.2.9
539 silly cache add parsed spec Result {
539 silly cache add   raw: 'which@^1.2.9',
539 silly cache add   scope: null,
539 silly cache add   escapedName: 'which',
539 silly cache add   name: 'which',
539 silly cache add   rawSpec: '^1.2.9',
539 silly cache add   spec: '>=1.2.9 <2.0.0',
539 silly cache add   type: 'range' }
540 silly addNamed which@>=1.2.9 <2.0.0
541 verbose addNamed ">=1.2.9 <2.0.0" is a valid semver range for which
542 silly addNameRange { name: 'which', range: '>=1.2.9 <2.0.0', hasData: false }
543 silly mapToRegistry name which
544 silly mapToRegistry using default registry
545 silly mapToRegistry registry https://registry.npmjs.org/
546 silly mapToRegistry data Result {
546 silly mapToRegistry   raw: 'which',
546 silly mapToRegistry   scope: null,
546 silly mapToRegistry   escapedName: 'which',
546 silly mapToRegistry   name: 'which',
546 silly mapToRegistry   rawSpec: '',
546 silly mapToRegistry   spec: 'latest',
546 silly mapToRegistry   type: 'tag' }
547 silly mapToRegistry uri https://registry.npmjs.org/which
548 verbose addNameRange registry:https://registry.npmjs.org/which not in flight; fetching
549 silly resolveWithNewModule lru-cache@4.0.1 checking installable status
550 silly cache add args [ 'lru-cache@^4.0.1', null ]
551 verbose cache add spec lru-cache@^4.0.1
552 silly cache add parsed spec Result {
552 silly cache add   raw: 'lru-cache@^4.0.1',
552 silly cache add   scope: null,
552 silly cache add   escapedName: 'lru-cache',
552 silly cache add   name: 'lru-cache',
552 silly cache add   rawSpec: '^4.0.1',
552 silly cache add   spec: '>=4.0.1 <5.0.0',
552 silly cache add   type: 'range' }
553 silly addNamed lru-cache@>=4.0.1 <5.0.0
554 verbose addNamed ">=4.0.1 <5.0.0" is a valid semver range for lru-cache
555 silly addNameRange { name: 'lru-cache', range: '>=4.0.1 <5.0.0', hasData: false }
556 silly mapToRegistry name lru-cache
557 silly mapToRegistry using default registry
558 silly mapToRegistry registry https://registry.npmjs.org/
559 silly mapToRegistry data Result {
559 silly mapToRegistry   raw: 'lru-cache',
559 silly mapToRegistry   scope: null,
559 silly mapToRegistry   escapedName: 'lru-cache',
559 silly mapToRegistry   name: 'lru-cache',
559 silly mapToRegistry   rawSpec: '',
559 silly mapToRegistry   spec: 'latest',
559 silly mapToRegistry   type: 'tag' }
560 silly mapToRegistry uri https://registry.npmjs.org/lru-cache
561 verbose addNameRange registry:https://registry.npmjs.org/lru-cache not in flight; fetching
562 verbose get https://registry.npmjs.org/which not expired, no request
563 silly addNameRange number 2 { name: 'which', range: '>=1.2.9 <2.0.0', hasData: true }
564 silly addNameRange versions [ 'which',
564 silly addNameRange   [ '1.0.0',
564 silly addNameRange     '1.0.1',
564 silly addNameRange     '1.0.2',
564 silly addNameRange     '1.0.3',
564 silly addNameRange     '1.0.5',
564 silly addNameRange     '1.0.6',
564 silly addNameRange     '1.0.7',
564 silly addNameRange     '1.0.8',
564 silly addNameRange     '1.0.9',
564 silly addNameRange     '1.1.0',
564 silly addNameRange     '1.1.1',
564 silly addNameRange     '1.1.2',
564 silly addNameRange     '1.2.0',
564 silly addNameRange     '1.2.1',
564 silly addNameRange     '1.2.4',
564 silly addNameRange     '1.2.5',
564 silly addNameRange     '1.2.6',
564 silly addNameRange     '1.2.7',
564 silly addNameRange     '1.2.8',
564 silly addNameRange     '1.2.9',
564 silly addNameRange     '1.2.10',
564 silly addNameRange     '1.2.11',
564 silly addNameRange     '1.2.12' ] ]
565 silly addNamed which@1.2.12
566 verbose addNamed "1.2.12" is a plain semver version for which
567 verbose get https://registry.npmjs.org/lru-cache not expired, no request
568 silly addNameRange number 2 { name: 'lru-cache', range: '>=4.0.1 <5.0.0', hasData: true }
569 silly addNameRange versions [ 'lru-cache',
569 silly addNameRange   [ '1.0.1',
569 silly addNameRange     '1.0.2',
569 silly addNameRange     '1.0.3',
569 silly addNameRange     '1.0.4',
569 silly addNameRange     '1.0.5',
569 silly addNameRange     '1.0.6',
569 silly addNameRange     '1.1.0',
569 silly addNameRange     '1.1.1',
569 silly addNameRange     '2.0.0',
569 silly addNameRange     '2.0.1',
569 silly addNameRange     '2.0.2',
569 silly addNameRange     '2.0.3',
569 silly addNameRange     '2.0.4',
569 silly addNameRange     '2.1.0',
569 silly addNameRange     '2.2.0',
569 silly addNameRange     '2.2.1',
569 silly addNameRange     '2.2.2',
569 silly addNameRange     '2.2.4',
569 silly addNameRange     '2.3.0',
569 silly addNameRange     '2.3.1',
569 silly addNameRange     '2.5.0',
569 silly addNameRange     '2.5.1',
569 silly addNameRange     '2.5.2',
569 silly addNameRange     '2.6.0',
569 silly addNameRange     '2.6.1',
569 silly addNameRange     '2.6.2',
569 silly addNameRange     '2.6.3',
569 silly addNameRange     '2.6.4',
569 silly addNameRange     '2.6.5',
569 silly addNameRange     '2.7.0',
569 silly addNameRange     '2.7.1',
569 silly addNameRange     '2.7.2',
569 silly addNameRange     '2.7.3',
569 silly addNameRange     '3.0.0',
569 silly addNameRange     '3.1.0',
569 silly addNameRange     '3.1.1',
569 silly addNameRange     '3.1.2',
569 silly addNameRange     '3.2.0',
569 silly addNameRange     '4.0.0',
569 silly addNameRange     '4.0.1' ] ]
570 silly addNamed lru-cache@4.0.1
571 verbose addNamed "4.0.1" is a plain semver version for lru-cache
572 silly cache afterAdd lru-cache@4.0.1
573 verbose afterAdd /Users/iguest/.npm/lru-cache/4.0.1/package/package.json not in flight; writing
574 verbose correctMkdir /Users/iguest/.npm correctMkdir not in flight; initializing
575 silly cache afterAdd which@1.2.12
576 verbose afterAdd /Users/iguest/.npm/which/1.2.12/package/package.json not in flight; writing
577 verbose correctMkdir /Users/iguest/.npm correctMkdir not in flight; initializing
578 verbose afterAdd /Users/iguest/.npm/lru-cache/4.0.1/package/package.json written
579 verbose afterAdd /Users/iguest/.npm/which/1.2.12/package/package.json written
580 silly fetchNamedPackageData pseudomap
581 silly mapToRegistry name pseudomap
582 silly mapToRegistry using default registry
583 silly mapToRegistry registry https://registry.npmjs.org/
584 silly mapToRegistry data Result {
584 silly mapToRegistry   raw: 'pseudomap',
584 silly mapToRegistry   scope: null,
584 silly mapToRegistry   escapedName: 'pseudomap',
584 silly mapToRegistry   name: 'pseudomap',
584 silly mapToRegistry   rawSpec: '',
584 silly mapToRegistry   spec: 'latest',
584 silly mapToRegistry   type: 'tag' }
585 silly mapToRegistry uri https://registry.npmjs.org/pseudomap
586 silly fetchNamedPackageData yallist
587 silly mapToRegistry name yallist
588 silly mapToRegistry using default registry
589 silly mapToRegistry registry https://registry.npmjs.org/
590 silly mapToRegistry data Result {
590 silly mapToRegistry   raw: 'yallist',
590 silly mapToRegistry   scope: null,
590 silly mapToRegistry   escapedName: 'yallist',
590 silly mapToRegistry   name: 'yallist',
590 silly mapToRegistry   rawSpec: '',
590 silly mapToRegistry   spec: 'latest',
590 silly mapToRegistry   type: 'tag' }
591 silly mapToRegistry uri https://registry.npmjs.org/yallist
592 verbose request uri https://registry.npmjs.org/pseudomap
593 verbose request no auth needed
594 info attempt registry request try #1 at 10:29:45 PM
595 verbose etag W/"568b329b-1852"
596 verbose lastModified Tue, 05 Jan 2016 03:03:55 GMT
597 http request GET https://registry.npmjs.org/pseudomap
598 verbose request uri https://registry.npmjs.org/yallist
599 verbose request no auth needed
600 info attempt registry request try #1 at 10:29:45 PM
601 verbose etag W/"5675b631-28b7"
602 verbose lastModified Sat, 19 Dec 2015 19:55:29 GMT
603 http request GET https://registry.npmjs.org/yallist
604 http 304 https://registry.npmjs.org/pseudomap
605 verbose headers { date: 'Sun, 20 Nov 2016 06:29:45 GMT',
605 verbose headers   via: '1.1 varnish',
605 verbose headers   'cache-control': 'max-age=300',
605 verbose headers   etag: 'W/"568b329b-1852"',
605 verbose headers   age: '209',
605 verbose headers   connection: 'keep-alive',
605 verbose headers   'x-served-by': 'cache-sea1920-SEA',
605 verbose headers   'x-cache': 'HIT',
605 verbose headers   'x-cache-hits': '4',
605 verbose headers   'x-timer': 'S1479623385.206105,VS0,VE0',
605 verbose headers   vary: 'Accept-Encoding' }
606 silly get cb [ 304,
606 silly get   { date: 'Sun, 20 Nov 2016 06:29:45 GMT',
606 silly get     via: '1.1 varnish',
606 silly get     'cache-control': 'max-age=300',
606 silly get     etag: 'W/"568b329b-1852"',
606 silly get     age: '209',
606 silly get     connection: 'keep-alive',
606 silly get     'x-served-by': 'cache-sea1920-SEA',
606 silly get     'x-cache': 'HIT',
606 silly get     'x-cache-hits': '4',
606 silly get     'x-timer': 'S1479623385.206105,VS0,VE0',
606 silly get     vary: 'Accept-Encoding' } ]
607 verbose etag https://registry.npmjs.org/pseudomap from cache
608 verbose get saving pseudomap to /Users/iguest/.npm/registry.npmjs.org/pseudomap/.cache.json
609 verbose correctMkdir /Users/iguest/.npm correctMkdir not in flight; initializing
610 http 304 https://registry.npmjs.org/yallist
611 verbose headers { date: 'Sun, 20 Nov 2016 06:29:45 GMT',
611 verbose headers   via: '1.1 varnish',
611 verbose headers   'cache-control': 'max-age=300',
611 verbose headers   etag: 'W/"5675b631-28b7"',
611 verbose headers   age: '210',
611 verbose headers   connection: 'keep-alive',
611 verbose headers   'x-served-by': 'cache-sea1924-SEA',
611 verbose headers   'x-cache': 'HIT',
611 verbose headers   'x-cache-hits': '2',
611 verbose headers   'x-timer': 'S1479623385.206974,VS0,VE0',
611 verbose headers   vary: 'Accept-Encoding' }
612 silly get cb [ 304,
612 silly get   { date: 'Sun, 20 Nov 2016 06:29:45 GMT',
612 silly get     via: '1.1 varnish',
612 silly get     'cache-control': 'max-age=300',
612 silly get     etag: 'W/"5675b631-28b7"',
612 silly get     age: '210',
612 silly get     connection: 'keep-alive',
612 silly get     'x-served-by': 'cache-sea1924-SEA',
612 silly get     'x-cache': 'HIT',
612 silly get     'x-cache-hits': '2',
612 silly get     'x-timer': 'S1479623385.206974,VS0,VE0',
612 silly get     vary: 'Accept-Encoding' } ]
613 verbose etag https://registry.npmjs.org/yallist from cache
614 verbose get saving yallist to /Users/iguest/.npm/registry.npmjs.org/yallist/.cache.json
615 verbose correctMkdir /Users/iguest/.npm correctMkdir not in flight; initializing
616 silly resolveWithNewModule pseudomap@1.0.2 checking installable status
617 silly cache add args [ 'pseudomap@^1.0.1', null ]
618 verbose cache add spec pseudomap@^1.0.1
619 silly cache add parsed spec Result {
619 silly cache add   raw: 'pseudomap@^1.0.1',
619 silly cache add   scope: null,
619 silly cache add   escapedName: 'pseudomap',
619 silly cache add   name: 'pseudomap',
619 silly cache add   rawSpec: '^1.0.1',
619 silly cache add   spec: '>=1.0.1 <2.0.0',
619 silly cache add   type: 'range' }
620 silly addNamed pseudomap@>=1.0.1 <2.0.0
621 verbose addNamed ">=1.0.1 <2.0.0" is a valid semver range for pseudomap
622 silly addNameRange { name: 'pseudomap', range: '>=1.0.1 <2.0.0', hasData: false }
623 silly mapToRegistry name pseudomap
624 silly mapToRegistry using default registry
625 silly mapToRegistry registry https://registry.npmjs.org/
626 silly mapToRegistry data Result {
626 silly mapToRegistry   raw: 'pseudomap',
626 silly mapToRegistry   scope: null,
626 silly mapToRegistry   escapedName: 'pseudomap',
626 silly mapToRegistry   name: 'pseudomap',
626 silly mapToRegistry   rawSpec: '',
626 silly mapToRegistry   spec: 'latest',
626 silly mapToRegistry   type: 'tag' }
627 silly mapToRegistry uri https://registry.npmjs.org/pseudomap
628 verbose addNameRange registry:https://registry.npmjs.org/pseudomap not in flight; fetching
629 silly resolveWithNewModule yallist@2.0.0 checking installable status
630 silly cache add args [ 'yallist@^2.0.0', null ]
631 verbose cache add spec yallist@^2.0.0
632 silly cache add parsed spec Result {
632 silly cache add   raw: 'yallist@^2.0.0',
632 silly cache add   scope: null,
632 silly cache add   escapedName: 'yallist',
632 silly cache add   name: 'yallist',
632 silly cache add   rawSpec: '^2.0.0',
632 silly cache add   spec: '>=2.0.0 <3.0.0',
632 silly cache add   type: 'range' }
633 silly addNamed yallist@>=2.0.0 <3.0.0
634 verbose addNamed ">=2.0.0 <3.0.0" is a valid semver range for yallist
635 silly addNameRange { name: 'yallist', range: '>=2.0.0 <3.0.0', hasData: false }
636 silly mapToRegistry name yallist
637 silly mapToRegistry using default registry
638 silly mapToRegistry registry https://registry.npmjs.org/
639 silly mapToRegistry data Result {
639 silly mapToRegistry   raw: 'yallist',
639 silly mapToRegistry   scope: null,
639 silly mapToRegistry   escapedName: 'yallist',
639 silly mapToRegistry   name: 'yallist',
639 silly mapToRegistry   rawSpec: '',
639 silly mapToRegistry   spec: 'latest',
639 silly mapToRegistry   type: 'tag' }
640 silly mapToRegistry uri https://registry.npmjs.org/yallist
641 verbose addNameRange registry:https://registry.npmjs.org/yallist not in flight; fetching
642 verbose get https://registry.npmjs.org/pseudomap not expired, no request
643 silly addNameRange number 2 { name: 'pseudomap', range: '>=1.0.1 <2.0.0', hasData: true }
644 silly addNameRange versions [ 'pseudomap', [ '1.0.0', '1.0.1', '1.0.2' ] ]
645 silly addNamed pseudomap@1.0.2
646 verbose addNamed "1.0.2" is a plain semver version for pseudomap
647 verbose get https://registry.npmjs.org/yallist not expired, no request
648 silly addNameRange number 2 { name: 'yallist', range: '>=2.0.0 <3.0.0', hasData: true }
649 silly addNameRange versions [ 'yallist', [ '1.0.0', '1.0.1', '1.0.2', '1.1.0', '2.0.0' ] ]
650 silly addNamed yallist@2.0.0
651 verbose addNamed "2.0.0" is a plain semver version for yallist
652 silly cache afterAdd pseudomap@1.0.2
653 verbose afterAdd /Users/iguest/.npm/pseudomap/1.0.2/package/package.json not in flight; writing
654 verbose correctMkdir /Users/iguest/.npm correctMkdir not in flight; initializing
655 silly cache afterAdd yallist@2.0.0
656 verbose afterAdd /Users/iguest/.npm/yallist/2.0.0/package/package.json not in flight; writing
657 verbose correctMkdir /Users/iguest/.npm correctMkdir not in flight; initializing
658 verbose afterAdd /Users/iguest/.npm/yallist/2.0.0/package/package.json written
659 verbose afterAdd /Users/iguest/.npm/pseudomap/1.0.2/package/package.json written
660 silly fetchNamedPackageData isexe
661 silly mapToRegistry name isexe
662 silly mapToRegistry using default registry
663 silly mapToRegistry registry https://registry.npmjs.org/
664 silly mapToRegistry data Result {
664 silly mapToRegistry   raw: 'isexe',
664 silly mapToRegistry   scope: null,
664 silly mapToRegistry   escapedName: 'isexe',
664 silly mapToRegistry   name: 'isexe',
664 silly mapToRegistry   rawSpec: '',
664 silly mapToRegistry   spec: 'latest',
664 silly mapToRegistry   type: 'tag' }
665 silly mapToRegistry uri https://registry.npmjs.org/isexe
666 verbose request uri https://registry.npmjs.org/isexe
667 verbose request no auth needed
668 info attempt registry request try #1 at 10:29:45 PM
669 verbose etag W/"56b96d9d-1cc5"
670 verbose lastModified Tue, 09 Feb 2016 04:39:57 GMT
671 http request GET https://registry.npmjs.org/isexe
672 http 304 https://registry.npmjs.org/isexe
673 verbose headers { date: 'Sun, 20 Nov 2016 06:29:45 GMT',
673 verbose headers   via: '1.1 varnish',
673 verbose headers   'cache-control': 'max-age=300',
673 verbose headers   etag: 'W/"56b96d9d-1cc5"',
673 verbose headers   age: '258',
673 verbose headers   connection: 'keep-alive',
673 verbose headers   'x-served-by': 'cache-sea1926-SEA',
673 verbose headers   'x-cache': 'HIT',
673 verbose headers   'x-cache-hits': '4',
673 verbose headers   'x-timer': 'S1479623385.224513,VS0,VE0',
673 verbose headers   vary: 'Accept-Encoding' }
674 silly get cb [ 304,
674 silly get   { date: 'Sun, 20 Nov 2016 06:29:45 GMT',
674 silly get     via: '1.1 varnish',
674 silly get     'cache-control': 'max-age=300',
674 silly get     etag: 'W/"56b96d9d-1cc5"',
674 silly get     age: '258',
674 silly get     connection: 'keep-alive',
674 silly get     'x-served-by': 'cache-sea1926-SEA',
674 silly get     'x-cache': 'HIT',
674 silly get     'x-cache-hits': '4',
674 silly get     'x-timer': 'S1479623385.224513,VS0,VE0',
674 silly get     vary: 'Accept-Encoding' } ]
675 verbose etag https://registry.npmjs.org/isexe from cache
676 verbose get saving isexe to /Users/iguest/.npm/registry.npmjs.org/isexe/.cache.json
677 verbose correctMkdir /Users/iguest/.npm correctMkdir not in flight; initializing
678 silly resolveWithNewModule isexe@1.1.2 checking installable status
679 silly cache add args [ 'isexe@^1.1.1', null ]
680 verbose cache add spec isexe@^1.1.1
681 silly cache add parsed spec Result {
681 silly cache add   raw: 'isexe@^1.1.1',
681 silly cache add   scope: null,
681 silly cache add   escapedName: 'isexe',
681 silly cache add   name: 'isexe',
681 silly cache add   rawSpec: '^1.1.1',
681 silly cache add   spec: '>=1.1.1 <2.0.0',
681 silly cache add   type: 'range' }
682 silly addNamed isexe@>=1.1.1 <2.0.0
683 verbose addNamed ">=1.1.1 <2.0.0" is a valid semver range for isexe
684 silly addNameRange { name: 'isexe', range: '>=1.1.1 <2.0.0', hasData: false }
685 silly mapToRegistry name isexe
686 silly mapToRegistry using default registry
687 silly mapToRegistry registry https://registry.npmjs.org/
688 silly mapToRegistry data Result {
688 silly mapToRegistry   raw: 'isexe',
688 silly mapToRegistry   scope: null,
688 silly mapToRegistry   escapedName: 'isexe',
688 silly mapToRegistry   name: 'isexe',
688 silly mapToRegistry   rawSpec: '',
688 silly mapToRegistry   spec: 'latest',
688 silly mapToRegistry   type: 'tag' }
689 silly mapToRegistry uri https://registry.npmjs.org/isexe
690 verbose addNameRange registry:https://registry.npmjs.org/isexe not in flight; fetching
691 verbose get https://registry.npmjs.org/isexe not expired, no request
692 silly addNameRange number 2 { name: 'isexe', range: '>=1.1.1 <2.0.0', hasData: true }
693 silly addNameRange versions [ 'isexe', [ '1.0.0', '1.0.1', '1.1.0', '1.1.1', '1.1.2' ] ]
694 silly addNamed isexe@1.1.2
695 verbose addNamed "1.1.2" is a plain semver version for isexe
696 silly cache afterAdd isexe@1.1.2
697 verbose afterAdd /Users/iguest/.npm/isexe/1.1.2/package/package.json not in flight; writing
698 verbose correctMkdir /Users/iguest/.npm correctMkdir not in flight; initializing
699 verbose afterAdd /Users/iguest/.npm/isexe/1.1.2/package/package.json written
700 silly fetchNamedPackageData pinkie-promise
701 silly mapToRegistry name pinkie-promise
702 silly mapToRegistry using default registry
703 silly mapToRegistry registry https://registry.npmjs.org/
704 silly mapToRegistry data Result {
704 silly mapToRegistry   raw: 'pinkie-promise',
704 silly mapToRegistry   scope: null,
704 silly mapToRegistry   escapedName: 'pinkie-promise',
704 silly mapToRegistry   name: 'pinkie-promise',
704 silly mapToRegistry   rawSpec: '',
704 silly mapToRegistry   spec: 'latest',
704 silly mapToRegistry   type: 'tag' }
705 silly mapToRegistry uri https://registry.npmjs.org/pinkie-promise
706 verbose request uri https://registry.npmjs.org/pinkie-promise
707 verbose request no auth needed
708 info attempt registry request try #1 at 10:29:45 PM
709 verbose etag W/"5818d883-1447"
710 verbose lastModified Tue, 01 Nov 2016 18:01:39 GMT
711 http request GET https://registry.npmjs.org/pinkie-promise
712 http 304 https://registry.npmjs.org/pinkie-promise
713 verbose headers { date: 'Sun, 20 Nov 2016 06:29:45 GMT',
713 verbose headers   via: '1.1 varnish',
713 verbose headers   'cache-control': 'max-age=300',
713 verbose headers   etag: 'W/"5818d883-1447"',
713 verbose headers   age: '298',
713 verbose headers   connection: 'keep-alive',
713 verbose headers   'x-served-by': 'cache-sea1923-SEA',
713 verbose headers   'x-cache': 'HIT',
713 verbose headers   'x-cache-hits': '18',
713 verbose headers   'x-timer': 'S1479623385.236567,VS0,VE0',
713 verbose headers   vary: 'Accept-Encoding' }
714 silly get cb [ 304,
714 silly get   { date: 'Sun, 20 Nov 2016 06:29:45 GMT',
714 silly get     via: '1.1 varnish',
714 silly get     'cache-control': 'max-age=300',
714 silly get     etag: 'W/"5818d883-1447"',
714 silly get     age: '298',
714 silly get     connection: 'keep-alive',
714 silly get     'x-served-by': 'cache-sea1923-SEA',
714 silly get     'x-cache': 'HIT',
714 silly get     'x-cache-hits': '18',
714 silly get     'x-timer': 'S1479623385.236567,VS0,VE0',
714 silly get     vary: 'Accept-Encoding' } ]
715 verbose etag https://registry.npmjs.org/pinkie-promise from cache
716 verbose get saving pinkie-promise to /Users/iguest/.npm/registry.npmjs.org/pinkie-promise/.cache.json
717 verbose correctMkdir /Users/iguest/.npm correctMkdir not in flight; initializing
718 silly resolveWithNewModule pinkie-promise@2.0.1 checking installable status
719 silly cache add args [ 'pinkie-promise@^2.0.0', null ]
720 verbose cache add spec pinkie-promise@^2.0.0
721 silly cache add parsed spec Result {
721 silly cache add   raw: 'pinkie-promise@^2.0.0',
721 silly cache add   scope: null,
721 silly cache add   escapedName: 'pinkie-promise',
721 silly cache add   name: 'pinkie-promise',
721 silly cache add   rawSpec: '^2.0.0',
721 silly cache add   spec: '>=2.0.0 <3.0.0',
721 silly cache add   type: 'range' }
722 silly addNamed pinkie-promise@>=2.0.0 <3.0.0
723 verbose addNamed ">=2.0.0 <3.0.0" is a valid semver range for pinkie-promise
724 silly addNameRange { name: 'pinkie-promise',
724 silly addNameRange   range: '>=2.0.0 <3.0.0',
724 silly addNameRange   hasData: false }
725 silly mapToRegistry name pinkie-promise
726 silly mapToRegistry using default registry
727 silly mapToRegistry registry https://registry.npmjs.org/
728 silly mapToRegistry data Result {
728 silly mapToRegistry   raw: 'pinkie-promise',
728 silly mapToRegistry   scope: null,
728 silly mapToRegistry   escapedName: 'pinkie-promise',
728 silly mapToRegistry   name: 'pinkie-promise',
728 silly mapToRegistry   rawSpec: '',
728 silly mapToRegistry   spec: 'latest',
728 silly mapToRegistry   type: 'tag' }
729 silly mapToRegistry uri https://registry.npmjs.org/pinkie-promise
730 verbose addNameRange registry:https://registry.npmjs.org/pinkie-promise not in flight; fetching
731 verbose get https://registry.npmjs.org/pinkie-promise not expired, no request
732 silly addNameRange number 2 { name: 'pinkie-promise',
732 silly addNameRange   range: '>=2.0.0 <3.0.0',
732 silly addNameRange   hasData: true }
733 silly addNameRange versions [ 'pinkie-promise', [ '1.0.0', '2.0.0', '2.0.1' ] ]
734 silly addNamed pinkie-promise@2.0.1
735 verbose addNamed "2.0.1" is a plain semver version for pinkie-promise
736 silly cache afterAdd pinkie-promise@2.0.1
737 verbose afterAdd /Users/iguest/.npm/pinkie-promise/2.0.1/package/package.json not in flight; writing
738 verbose correctMkdir /Users/iguest/.npm correctMkdir not in flight; initializing
739 verbose afterAdd /Users/iguest/.npm/pinkie-promise/2.0.1/package/package.json written
740 silly fetchNamedPackageData pinkie
741 silly mapToRegistry name pinkie
742 silly mapToRegistry using default registry
743 silly mapToRegistry registry https://registry.npmjs.org/
744 silly mapToRegistry data Result {
744 silly mapToRegistry   raw: 'pinkie',
744 silly mapToRegistry   scope: null,
744 silly mapToRegistry   escapedName: 'pinkie',
744 silly mapToRegistry   name: 'pinkie',
744 silly mapToRegistry   rawSpec: '',
744 silly mapToRegistry   spec: 'latest',
744 silly mapToRegistry   type: 'tag' }
745 silly mapToRegistry uri https://registry.npmjs.org/pinkie
746 verbose request uri https://registry.npmjs.org/pinkie
747 verbose request no auth needed
748 info attempt registry request try #1 at 10:29:45 PM
749 verbose etag W/"5818d879-37c6"
750 verbose lastModified Tue, 01 Nov 2016 18:01:29 GMT
751 http request GET https://registry.npmjs.org/pinkie
752 http 304 https://registry.npmjs.org/pinkie
753 verbose headers { date: 'Sun, 20 Nov 2016 06:29:45 GMT',
753 verbose headers   via: '1.1 varnish',
753 verbose headers   'cache-control': 'max-age=300',
753 verbose headers   etag: 'W/"5818d879-37c6"',
753 verbose headers   age: '198',
753 verbose headers   connection: 'keep-alive',
753 verbose headers   'x-served-by': 'cache-sea1920-SEA',
753 verbose headers   'x-cache': 'HIT',
753 verbose headers   'x-cache-hits': '9',
753 verbose headers   'x-timer': 'S1479623385.247536,VS0,VE0',
753 verbose headers   vary: 'Accept-Encoding' }
754 silly get cb [ 304,
754 silly get   { date: 'Sun, 20 Nov 2016 06:29:45 GMT',
754 silly get     via: '1.1 varnish',
754 silly get     'cache-control': 'max-age=300',
754 silly get     etag: 'W/"5818d879-37c6"',
754 silly get     age: '198',
754 silly get     connection: 'keep-alive',
754 silly get     'x-served-by': 'cache-sea1920-SEA',
754 silly get     'x-cache': 'HIT',
754 silly get     'x-cache-hits': '9',
754 silly get     'x-timer': 'S1479623385.247536,VS0,VE0',
754 silly get     vary: 'Accept-Encoding' } ]
755 verbose etag https://registry.npmjs.org/pinkie from cache
756 verbose get saving pinkie to /Users/iguest/.npm/registry.npmjs.org/pinkie/.cache.json
757 verbose correctMkdir /Users/iguest/.npm correctMkdir not in flight; initializing
758 silly resolveWithNewModule pinkie@2.0.4 checking installable status
759 silly cache add args [ 'pinkie@^2.0.0', null ]
760 verbose cache add spec pinkie@^2.0.0
761 silly cache add parsed spec Result {
761 silly cache add   raw: 'pinkie@^2.0.0',
761 silly cache add   scope: null,
761 silly cache add   escapedName: 'pinkie',
761 silly cache add   name: 'pinkie',
761 silly cache add   rawSpec: '^2.0.0',
761 silly cache add   spec: '>=2.0.0 <3.0.0',
761 silly cache add   type: 'range' }
762 silly addNamed pinkie@>=2.0.0 <3.0.0
763 verbose addNamed ">=2.0.0 <3.0.0" is a valid semver range for pinkie
764 silly addNameRange { name: 'pinkie', range: '>=2.0.0 <3.0.0', hasData: false }
765 silly mapToRegistry name pinkie
766 silly mapToRegistry using default registry
767 silly mapToRegistry registry https://registry.npmjs.org/
768 silly mapToRegistry data Result {
768 silly mapToRegistry   raw: 'pinkie',
768 silly mapToRegistry   scope: null,
768 silly mapToRegistry   escapedName: 'pinkie',
768 silly mapToRegistry   name: 'pinkie',
768 silly mapToRegistry   rawSpec: '',
768 silly mapToRegistry   spec: 'latest',
768 silly mapToRegistry   type: 'tag' }
769 silly mapToRegistry uri https://registry.npmjs.org/pinkie
770 verbose addNameRange registry:https://registry.npmjs.org/pinkie not in flight; fetching
771 verbose get https://registry.npmjs.org/pinkie not expired, no request
772 silly addNameRange number 2 { name: 'pinkie', range: '>=2.0.0 <3.0.0', hasData: true }
773 silly addNameRange versions [ 'pinkie',
773 silly addNameRange   [ '0.0.0',
773 silly addNameRange     '0.0.1',
773 silly addNameRange     '0.0.2',
773 silly addNameRange     '1.0.0',
773 silly addNameRange     '2.0.0',
773 silly addNameRange     '2.0.1',
773 silly addNameRange     '2.0.2',
773 silly addNameRange     '2.0.3',
773 silly addNameRange     '2.0.4' ] ]
774 silly addNamed pinkie@2.0.4
775 verbose addNamed "2.0.4" is a plain semver version for pinkie
776 silly cache afterAdd pinkie@2.0.4
777 verbose afterAdd /Users/iguest/.npm/pinkie/2.0.4/package/package.json not in flight; writing
778 verbose correctMkdir /Users/iguest/.npm correctMkdir not in flight; initializing
779 verbose afterAdd /Users/iguest/.npm/pinkie/2.0.4/package/package.json written
780 silly loadAllDepsIntoIdealTree Finishing
781 silly loadIdealTree Finishing
782 silly currentTree lib
783 silly idealTree lib
783 silly idealTree  create-react-app@0.6.0
783 silly idealTree    ansi-regex@2.0.0
783 silly idealTree    ansi-styles@2.2.1
783 silly idealTree    chalk@1.1.3
783 silly idealTree    cross-spawn@4.0.2
783 silly idealTree    escape-string-regexp@1.0.5
783 silly idealTree    has-ansi@2.0.0
783 silly idealTree    isexe@1.1.2
783 silly idealTree    lru-cache@4.0.1
783 silly idealTree    minimist@1.2.0
783 silly idealTree    path-exists@2.1.0
783 silly idealTree    pinkie-promise@2.0.1
783 silly idealTree    pinkie@2.0.4
783 silly idealTree    pseudomap@1.0.2
783 silly idealTree    semver@5.3.0
783 silly idealTree    strip-ansi@3.0.1
783 silly idealTree    supports-color@2.0.0
783 silly idealTree    which@1.2.12
783 silly idealTree    yallist@2.0.0
784 silly generateActionsToTake Starting
785 silly install generateActionsToTake
786 warn checkPermissions Missing write access to /usr/local/lib/node_modules
787 silly rollbackFailedOptional Starting
788 silly rollbackFailedOptional Finishing
789 silly runTopLevelLifecycles Finishing
790 silly install printInstalled
791 verbose stack Error: EACCES: permission denied, access '/usr/local/lib/node_modules'
791 verbose stack     at Error (native)
792 verbose cwd /Users/iguest/Desktop/github.io
793 error Darwin 16.0.0
794 error argv "/usr/local/bin/node" "/usr/local/bin/npm" "install" "-g" "create-react-app"
795 error node v6.9.1
796 error npm  v3.10.8
797 error path /usr/local/lib/node_modules
798 error code EACCES
799 error errno -13
800 error syscall access
801 error Error: EACCES: permission denied, access '/usr/local/lib/node_modules'
801 error     at Error (native)
801 error  { Error: EACCES: permission denied, access '/usr/local/lib/node_modules'
801 error     at Error (native)
801 error   errno: -13,
801 error   code: 'EACCES',
801 error   syscall: 'access',
801 error   path: '/usr/local/lib/node_modules' }
802 error Please try running this command again as root/Administrator.
803 verbose exit [ -13, true ]
